<?xml version="1.0" encoding="utf-8"?>
<test-run id="2" testcasecount="122" result="Passed" total="122" passed="122" failed="0" inconclusive="0" skipped="0" asserts="0" engine-version="3.5.0.0" clr-version="4.0.30319.42000" start-time="2026-09-10 13:39:40Z" end-time="2026-09-10 13:39:40Z" duration="0.5493118">
  <test-suite type="TestSuite" id="1000" name="Metroidvania Controller" fullname="Metroidvania Controller" runstate="Runnable" testcasecount="718" result="Passed" start-time="2026-09-10 13:39:40Z" end-time="2026-09-10 13:39:40Z" duration="0.549312" total="122" passed="122" failed="0" inconclusive="0" skipped="0" asserts="0">
    <properties>
      <property name="platform" value="EditMode" />
    </properties>
    <test-suite type="Assembly" id="1787" name="Assembly-CSharp-Editor.dll" fullname="E:/GameDev/Projects/Final_Project/Metroidvania Controller/Library/ScriptAssemblies/Assembly-CSharp-Editor.dll" runstate="Runnable" testcasecount="718" result="Passed" start-time="2026-09-10 13:39:40Z" end-time="2026-09-10 13:39:40Z" duration="0.531387" total="122" passed="122" failed="0" inconclusive="0" skipped="0" asserts="0">
      <properties>
        <property name="_PID" value="3372" />
        <property name="_APPDOMAIN" value="Unity Child Domain" />
        <property name="platform" value="EditMode" />
        <property name="EditorOnly" value="True" />
      </properties>
      <test-suite type="TestFixture" id="1572" name="ClimateDefinitionTests" fullname="ClimateDefinitionTests" classname="ClimateDefinitionTests" runstate="Runnable" testcasecount="9" result="Passed" start-time="2026-09-10 13:39:40Z" end-time="2026-09-10 13:39:40Z" duration="0.053566" total="9" passed="9" failed="0" inconclusive="0" skipped="0" asserts="0">
        <properties />
        <test-case id="1578" name="FixedWeatherSlotsRequireOneBasedDaysConcreteSlotsValidTypesAndUniqueKeys" fullname="ClimateDefinitionTests.FixedWeatherSlotsRequireOneBasedDaysConcreteSlotsValidTypesAndUniqueKeys" methodname="FixedWeatherSlotsRequireOneBasedDaysConcreteSlotsValidTypesAndUniqueKeys" classname="ClimateDefinitionTests" runstate="Runnable" seed="1203765509" result="Passed" start-time="2026-09-10 13:39:40Z" end-time="2026-09-10 13:39:40Z" duration="0.017827" asserts="0">
          <properties>
            <property name="retryIteration" value="0" />
            <property name="repeatIteration" value="0" />
          </properties>
        </test-case>
        <test-case id="1580" name="RegionIdsAreNonemptyAndCatalogLookupIsCaseSensitiveStableAndFailClosedOnDuplicates" fullname="ClimateDefinitionTests.RegionIdsAreNonemptyAndCatalogLookupIsCaseSensitiveStableAndFailClosedOnDuplicates" methodname="RegionIdsAreNonemptyAndCatalogLookupIsCaseSensitiveStableAndFailClosedOnDuplicates" classname="ClimateDefinitionTests" runstate="Runnable" seed="1081734269" result="Passed" start-time="2026-09-10 13:39:40Z" end-time="2026-09-10 13:39:40Z" duration="0.003035" asserts="0">
          <properties>
            <property name="retryIteration" value="0" />
            <property name="repeatIteration" value="0" />
          </properties>
        </test-case>
        <test-case id="1576" name="SeasonMatrixRequiresExactDimensionsAndEveryPositiveBoundedRow" fullname="ClimateDefinitionTests.SeasonMatrixRequiresExactDimensionsAndEveryPositiveBoundedRow" methodname="SeasonMatrixRequiresExactDimensionsAndEveryPositiveBoundedRow" classname="ClimateDefinitionTests" runstate="Runnable" seed="2024653180" result="Passed" start-time="2026-09-10 13:39:40Z" end-time="2026-09-10 13:39:40Z" duration="0.000709" asserts="0">
          <properties>
            <property name="retryIteration" value="0" />
            <property name="repeatIteration" value="0" />
          </properties>
        </test-case>
        <test-case id="1577" name="SeasonMatrixUsesFromRowToColumnIndexing" fullname="ClimateDefinitionTests.SeasonMatrixUsesFromRowToColumnIndexing" methodname="SeasonMatrixUsesFromRowToColumnIndexing" classname="ClimateDefinitionTests" runstate="Runnable" seed="680218690" result="Passed" start-time="2026-09-10 13:39:40Z" end-time="2026-09-10 13:39:40Z" duration="0.001144" asserts="0">
          <properties>
            <property name="retryIteration" value="0" />
            <property name="repeatIteration" value="0" />
          </properties>
        </test-case>
        <test-case id="1579" name="SeasonTrackMatchesCalendarSeasonCountAndHasSafeOrdinalLookup" fullname="ClimateDefinitionTests.SeasonTrackMatchesCalendarSeasonCountAndHasSafeOrdinalLookup" methodname="SeasonTrackMatchesCalendarSeasonCountAndHasSafeOrdinalLookup" classname="ClimateDefinitionTests" runstate="Runnable" seed="1485745201" result="Passed" start-time="2026-09-10 13:39:40Z" end-time="2026-09-10 13:39:40Z" duration="0.001430" asserts="0">
          <properties>
            <property name="retryIteration" value="0" />
            <property name="repeatIteration" value="0" />
          </properties>
        </test-case>
        <test-case id="1575" name="WeatherConfigRequiresExactlyOneDefinitionPerEnumAndLooksUpByType" fullname="ClimateDefinitionTests.WeatherConfigRequiresExactlyOneDefinitionPerEnumAndLooksUpByType" methodname="WeatherConfigRequiresExactlyOneDefinitionPerEnumAndLooksUpByType" classname="ClimateDefinitionTests" runstate="Runnable" seed="1432727573" result="Passed" start-time="2026-09-10 13:39:40Z" end-time="2026-09-10 13:39:40Z" duration="0.004044" asserts="0">
          <properties>
            <property name="retryIteration" value="0" />
            <property name="repeatIteration" value="0" />
          </properties>
        </test-case>
        <test-case id="1574" name="WeatherConfigRequiresNonemptySortedUniqueInRangeSlots" fullname="ClimateDefinitionTests.WeatherConfigRequiresNonemptySortedUniqueInRangeSlots" methodname="WeatherConfigRequiresNonemptySortedUniqueInRangeSlots" classname="ClimateDefinitionTests" runstate="Runnable" seed="1459825631" result="Passed" start-time="2026-09-10 13:39:40Z" end-time="2026-09-10 13:39:40Z" duration="0.000853" asserts="0">
          <properties>
            <property name="retryIteration" value="0" />
            <property name="repeatIteration" value="0" />
          </properties>
        </test-case>
        <test-case id="1581" name="WeatherSnapshotIsImmutableAndComputesDurationFromCurrentMinute" fullname="ClimateDefinitionTests.WeatherSnapshotIsImmutableAndComputesDurationFromCurrentMinute" methodname="WeatherSnapshotIsImmutableAndComputesDurationFromCurrentMinute" classname="ClimateDefinitionTests" runstate="Runnable" seed="1559296125" result="Passed" start-time="2026-09-10 13:39:40Z" end-time="2026-09-10 13:39:40Z" duration="0.003784" asserts="0">
          <properties>
            <property name="retryIteration" value="0" />
            <property name="repeatIteration" value="0" />
          </properties>
        </test-case>
        <test-case id="1573" name="WeatherTypeOrdinalsAreAppendOnlyApprovedValues" fullname="ClimateDefinitionTests.WeatherTypeOrdinalsAreAppendOnlyApprovedValues" methodname="WeatherTypeOrdinalsAreAppendOnlyApprovedValues" classname="ClimateDefinitionTests" runstate="Runnable" seed="1075377140" result="Passed" start-time="2026-09-10 13:39:40Z" end-time="2026-09-10 13:39:40Z" duration="0.000412" asserts="0">
          <properties>
            <property name="retryIteration" value="0" />
            <property name="repeatIteration" value="0" />
          </properties>
        </test-case>
      </test-suite>
      <test-suite type="TestFixture" id="1582" name="WeatherForecastTests" fullname="WeatherForecastTests" classname="WeatherForecastTests" runstate="Runnable" testcasecount="13" result="Passed" start-time="2026-09-10 13:39:40Z" end-time="2026-09-10 13:39:40Z" duration="0.057660" total="13" passed="13" failed="0" inconclusive="0" skipped="0" asserts="0">
        <properties />
        <test-case id="1587" name="ExactCurrentSlotIsResolvedLiveAndNotDuplicatedInForecast" fullname="WeatherForecastTests.ExactCurrentSlotIsResolvedLiveAndNotDuplicatedInForecast" methodname="ExactCurrentSlotIsResolvedLiveAndNotDuplicatedInForecast" classname="WeatherForecastTests" runstate="Runnable" seed="1407153631" result="Passed" start-time="2026-09-10 13:39:40Z" end-time="2026-09-10 13:39:40Z" duration="0.019874" asserts="0">
          <properties>
            <property name="retryIteration" value="0" />
            <property name="repeatIteration" value="0" />
          </properties>
        </test-case>
        <test-case id="1595" name="ForecastBeforeLiveProgressionMatchesLiveProgressionWithoutForecast" fullname="WeatherForecastTests.ForecastBeforeLiveProgressionMatchesLiveProgressionWithoutForecast" methodname="ForecastBeforeLiveProgressionMatchesLiveProgressionWithoutForecast" classname="WeatherForecastTests" runstate="Runnable" seed="1146861710" result="Passed" start-time="2026-09-10 13:39:40Z" end-time="2026-09-10 13:39:40Z" duration="0.009658" asserts="0">
          <properties>
            <property name="retryIteration" value="0" />
            <property name="repeatIteration" value="0" />
          </properties>
        </test-case>
        <test-case id="1584" name="ForecastDefensivelyCopiesEntriesAndValidatesEnvelope" fullname="WeatherForecastTests.ForecastDefensivelyCopiesEntriesAndValidatesEnvelope" methodname="ForecastDefensivelyCopiesEntriesAndValidatesEnvelope" classname="WeatherForecastTests" runstate="Runnable" seed="886041953" result="Passed" start-time="2026-09-10 13:39:40Z" end-time="2026-09-10 13:39:40Z" duration="0.002601" asserts="0">
          <properties>
            <property name="retryIteration" value="0" />
            <property name="repeatIteration" value="0" />
          </properties>
        </test-case>
        <test-case id="1589" name="ForecastEntriesAreChronologicalContiguousAndHalfOpen" fullname="WeatherForecastTests.ForecastEntriesAreChronologicalContiguousAndHalfOpen" methodname="ForecastEntriesAreChronologicalContiguousAndHalfOpen" classname="WeatherForecastTests" runstate="Runnable" seed="1478623527" result="Passed" start-time="2026-09-10 13:39:40Z" end-time="2026-09-10 13:39:40Z" duration="0.002981" asserts="0">
          <properties>
            <property name="retryIteration" value="0" />
            <property name="repeatIteration" value="0" />
          </properties>
        </test-case>
        <test-case id="1583" name="ForecastEntryIsImmutableAndValidatesItsHalfOpenInterval" fullname="WeatherForecastTests.ForecastEntryIsImmutableAndValidatesItsHalfOpenInterval" methodname="ForecastEntryIsImmutableAndValidatesItsHalfOpenInterval" classname="WeatherForecastTests" runstate="Runnable" seed="1975279359" result="Passed" start-time="2026-09-10 13:39:40Z" end-time="2026-09-10 13:39:40Z" duration="0.001120" asserts="0">
          <properties>
            <property name="retryIteration" value="0" />
            <property name="repeatIteration" value="0" />
          </properties>
        </test-case>
        <test-case id="1585" name="ForecastRejectsUnloadedUnknownAndOutOfRangeRequests" fullname="WeatherForecastTests.ForecastRejectsUnloadedUnknownAndOutOfRangeRequests" methodname="ForecastRejectsUnloadedUnknownAndOutOfRangeRequests" classname="WeatherForecastTests" runstate="Runnable" seed="572622030" result="Passed" start-time="2026-09-10 13:39:40Z" end-time="2026-09-10 13:39:40Z" duration="0.001103" asserts="0">
          <properties>
            <property name="retryIteration" value="0" />
            <property name="repeatIteration" value="0" />
          </properties>
        </test-case>
        <test-case id="1592" name="ForecastReturnsFalseWhenExclusiveEndOverflowsLong" fullname="WeatherForecastTests.ForecastReturnsFalseWhenExclusiveEndOverflowsLong" methodname="ForecastReturnsFalseWhenExclusiveEndOverflowsLong" classname="WeatherForecastTests" runstate="Runnable" seed="892844701" result="Passed" start-time="2026-09-10 13:39:40Z" end-time="2026-09-10 13:39:40Z" duration="0.000834" asserts="0">
          <properties>
            <property name="retryIteration" value="0" />
            <property name="repeatIteration" value="0" />
          </properties>
        </test-case>
        <test-case id="1594" name="ForecastSurvivesSaveAndReloadWithEquivalentOutput" fullname="WeatherForecastTests.ForecastSurvivesSaveAndReloadWithEquivalentOutput" methodname="ForecastSurvivesSaveAndReloadWithEquivalentOutput" classname="WeatherForecastTests" runstate="Runnable" seed="578313626" result="Passed" start-time="2026-09-10 13:39:40Z" end-time="2026-09-10 13:39:40Z" duration="0.002855" asserts="0">
          <properties>
            <property name="retryIteration" value="0" />
            <property name="repeatIteration" value="0" />
          </properties>
        </test-case>
        <test-case id="1591" name="ForecastUsesAbsoluteDaySeasonAndYearMathAcrossCalendarTransitions" fullname="WeatherForecastTests.ForecastUsesAbsoluteDaySeasonAndYearMathAcrossCalendarTransitions" methodname="ForecastUsesAbsoluteDaySeasonAndYearMathAcrossCalendarTransitions" classname="WeatherForecastTests" runstate="Runnable" seed="1153077400" result="Passed" start-time="2026-09-10 13:39:40Z" end-time="2026-09-10 13:39:40Z" duration="0.001047" asserts="0">
          <properties>
            <property name="retryIteration" value="0" />
            <property name="repeatIteration" value="0" />
          </properties>
        </test-case>
        <test-case id="1590" name="ForecastUsesOverrideThenAuthoredFixedThenGeneratedPrecedence" fullname="WeatherForecastTests.ForecastUsesOverrideThenAuthoredFixedThenGeneratedPrecedence" methodname="ForecastUsesOverrideThenAuthoredFixedThenGeneratedPrecedence" classname="WeatherForecastTests" runstate="Runnable" seed="231438651" result="Passed" start-time="2026-09-10 13:39:40Z" end-time="2026-09-10 13:39:40Z" duration="0.001654" asserts="0">
          <properties>
            <property name="retryIteration" value="0" />
            <property name="repeatIteration" value="0" />
          </properties>
        </test-case>
        <test-case id="1593" name="RepeatedAndReorderedForecastQueriesAreDeterministicAndNonMutating" fullname="WeatherForecastTests.RepeatedAndReorderedForecastQueriesAreDeterministicAndNonMutating" methodname="RepeatedAndReorderedForecastQueriesAreDeterministicAndNonMutating" classname="WeatherForecastTests" runstate="Runnable" seed="1839787346" result="Passed" start-time="2026-09-10 13:39:40Z" end-time="2026-09-10 13:39:40Z" duration="0.002410" asserts="0">
          <properties>
            <property name="retryIteration" value="0" />
            <property name="repeatIteration" value="0" />
          </properties>
        </test-case>
        <test-case id="1588" name="RepeatedFutureTypesStillProduceOneEntryPerSlot" fullname="WeatherForecastTests.RepeatedFutureTypesStillProduceOneEntryPerSlot" methodname="RepeatedFutureTypesStillProduceOneEntryPerSlot" classname="WeatherForecastTests" runstate="Runnable" seed="586050161" result="Passed" start-time="2026-09-10 13:39:40Z" end-time="2026-09-10 13:39:40Z" duration="0.001065" asserts="0">
          <properties>
            <property name="retryIteration" value="0" />
            <property name="repeatIteration" value="0" />
          </properties>
        </test-case>
        <test-case id="1586" name="ZeroDaysAheadEndsAtTheNextDayAndMeansRemainderOfToday" fullname="WeatherForecastTests.ZeroDaysAheadEndsAtTheNextDayAndMeansRemainderOfToday" methodname="ZeroDaysAheadEndsAtTheNextDayAndMeansRemainderOfToday" classname="WeatherForecastTests" runstate="Runnable" seed="41614841" result="Passed" start-time="2026-09-10 13:39:40Z" end-time="2026-09-10 13:39:40Z" duration="0.000999" asserts="0">
          <properties>
            <property name="retryIteration" value="0" />
            <property name="repeatIteration" value="0" />
          </properties>
        </test-case>
      </test-suite>
      <test-suite type="TestFixture" id="1596" name="WeatherGeneratorTests" fullname="WeatherGeneratorTests" classname="WeatherGeneratorTests" runstate="Runnable" testcasecount="10" result="Passed" start-time="2026-09-10 13:39:40Z" end-time="2026-09-10 13:39:40Z" duration="0.015436" total="10" passed="10" failed="0" inconclusive="0" skipped="0" asserts="0">
        <properties />
        <test-case id="1605" name="CacheKeepsThreeImmutablePeriodsPerRegionUsingLruEviction" fullname="WeatherGeneratorTests.CacheKeepsThreeImmutablePeriodsPerRegionUsingLruEviction" methodname="CacheKeepsThreeImmutablePeriodsPerRegionUsingLruEviction" classname="WeatherGeneratorTests" runstate="Runnable" seed="300115068" result="Passed" start-time="2026-09-10 13:39:40Z" end-time="2026-09-10 13:39:40Z" duration="0.003025" asserts="0">
          <properties>
            <property name="retryIteration" value="0" />
            <property name="repeatIteration" value="0" />
          </properties>
        </test-case>
        <test-case id="1602" name="FixedSlotDoesNotConsumeTheRandomStream" fullname="WeatherGeneratorTests.FixedSlotDoesNotConsumeTheRandomStream" methodname="FixedSlotDoesNotConsumeTheRandomStream" classname="WeatherGeneratorTests" runstate="Runnable" seed="1089664691" result="Passed" start-time="2026-09-10 13:39:40Z" end-time="2026-09-10 13:39:40Z" duration="0.000809" asserts="0">
          <properties>
            <property name="retryIteration" value="0" />
            <property name="repeatIteration" value="0" />
          </properties>
        </test-case>
        <test-case id="1601" name="FixedSlotEmitsAuthoredWeatherAndBecomesNextTransitionSource" fullname="WeatherGeneratorTests.FixedSlotEmitsAuthoredWeatherAndBecomesNextTransitionSource" methodname="FixedSlotEmitsAuthoredWeatherAndBecomesNextTransitionSource" classname="WeatherGeneratorTests" runstate="Runnable" seed="1218632771" result="Passed" start-time="2026-09-10 13:39:40Z" end-time="2026-09-10 13:39:40Z" duration="0.000542" asserts="0">
          <properties>
            <property name="retryIteration" value="0" />
            <property name="repeatIteration" value="0" />
          </properties>
        </test-case>
        <test-case id="1606" name="InvalidDimensionsAndQueryKeysFailClosed" fullname="WeatherGeneratorTests.InvalidDimensionsAndQueryKeysFailClosed" methodname="InvalidDimensionsAndQueryKeysFailClosed" classname="WeatherGeneratorTests" runstate="Runnable" seed="907441374" result="Passed" start-time="2026-09-10 13:39:40Z" end-time="2026-09-10 13:39:40Z" duration="0.001346" asserts="0">
          <properties>
            <property name="retryIteration" value="0" />
            <property name="repeatIteration" value="0" />
          </properties>
        </test-case>
        <test-case id="1599" name="NextBelowMatchesApprovedGoldenValuesAndRejectsZeroBound" fullname="WeatherGeneratorTests.NextBelowMatchesApprovedGoldenValuesAndRejectsZeroBound" methodname="NextBelowMatchesApprovedGoldenValuesAndRejectsZeroBound" classname="WeatherGeneratorTests" runstate="Runnable" seed="1397789836" result="Passed" start-time="2026-09-10 13:39:40Z" end-time="2026-09-10 13:39:40Z" duration="0.000511" asserts="0">
          <properties>
            <property name="retryIteration" value="0" />
            <property name="repeatIteration" value="0" />
          </properties>
        </test-case>
        <test-case id="1603" name="ResultsAreDeterministicRegardlessOfQueryOrder" fullname="WeatherGeneratorTests.ResultsAreDeterministicRegardlessOfQueryOrder" methodname="ResultsAreDeterministicRegardlessOfQueryOrder" classname="WeatherGeneratorTests" runstate="Runnable" seed="1299220918" result="Passed" start-time="2026-09-10 13:39:40Z" end-time="2026-09-10 13:39:40Z" duration="0.001077" asserts="0">
          <properties>
            <property name="retryIteration" value="0" />
            <property name="repeatIteration" value="0" />
          </properties>
        </test-case>
        <test-case id="1604" name="SeasonsResolveByAbsoluteInstanceAndRestartFromTheirAuthoredEntryWeather" fullname="WeatherGeneratorTests.SeasonsResolveByAbsoluteInstanceAndRestartFromTheirAuthoredEntryWeather" methodname="SeasonsResolveByAbsoluteInstanceAndRestartFromTheirAuthoredEntryWeather" classname="WeatherGeneratorTests" runstate="Runnable" seed="1959936258" result="Passed" start-time="2026-09-10 13:39:40Z" end-time="2026-09-10 13:39:40Z" duration="0.000863" asserts="0">
          <properties>
            <property name="retryIteration" value="0" />
            <property name="repeatIteration" value="0" />
          </properties>
        </test-case>
        <test-case id="1597" name="SplitMix64DerivationMatchesApprovedGoldenValues" fullname="WeatherGeneratorTests.SplitMix64DerivationMatchesApprovedGoldenValues" methodname="SplitMix64DerivationMatchesApprovedGoldenValues" classname="WeatherGeneratorTests" runstate="Runnable" seed="727192931" result="Passed" start-time="2026-09-10 13:39:40Z" end-time="2026-09-10 13:39:40Z" duration="0.000674" asserts="0">
          <properties>
            <property name="retryIteration" value="0" />
            <property name="repeatIteration" value="0" />
          </properties>
        </test-case>
        <test-case id="1600" name="WeightedGenerationMatchesGoldenSequenceAndConfiguredShape" fullname="WeatherGeneratorTests.WeightedGenerationMatchesGoldenSequenceAndConfiguredShape" methodname="WeightedGenerationMatchesGoldenSequenceAndConfiguredShape" classname="WeatherGeneratorTests" runstate="Runnable" seed="19675261" result="Passed" start-time="2026-09-10 13:39:40Z" end-time="2026-09-10 13:39:40Z" duration="0.000638" asserts="0">
          <properties>
            <property name="retryIteration" value="0" />
            <property name="repeatIteration" value="0" />
          </properties>
        </test-case>
        <test-case id="1598" name="XorShift32MatchesApprovedGoldenSequence" fullname="WeatherGeneratorTests.XorShift32MatchesApprovedGoldenSequence" methodname="XorShift32MatchesApprovedGoldenSequence" classname="WeatherGeneratorTests" runstate="Runnable" seed="1136114854" result="Passed" start-time="2026-09-10 13:39:40Z" end-time="2026-09-10 13:39:40Z" duration="0.000465" asserts="0">
          <properties>
            <property name="retryIteration" value="0" />
            <property name="repeatIteration" value="0" />
          </properties>
        </test-case>
      </test-suite>
      <test-suite type="TestFixture" id="1607" name="WeatherHistoryTests" fullname="WeatherHistoryTests" classname="WeatherHistoryTests" runstate="Runnable" testcasecount="11" result="Passed" start-time="2026-09-10 13:39:40Z" end-time="2026-09-10 13:39:40Z" duration="0.028994" total="11" passed="11" failed="0" inconclusive="0" skipped="0" asserts="0">
        <properties />
        <test-case id="1614" name="EntirelyUnavailableRangeReturnsTrueEmptyAndIncomplete" fullname="WeatherHistoryTests.EntirelyUnavailableRangeReturnsTrueEmptyAndIncomplete" methodname="EntirelyUnavailableRangeReturnsTrueEmptyAndIncomplete" classname="WeatherHistoryTests" runstate="Runnable" seed="406806670" result="Passed" start-time="2026-09-10 13:39:40Z" end-time="2026-09-10 13:39:40Z" duration="0.006719" asserts="0">
          <properties>
            <property name="retryIteration" value="0" />
            <property name="repeatIteration" value="0" />
          </properties>
        </test-case>
        <test-case id="1617" name="HistoryQuerySurvivesSaveReload" fullname="WeatherHistoryTests.HistoryQuerySurvivesSaveReload" methodname="HistoryQuerySurvivesSaveReload" classname="WeatherHistoryTests" runstate="Runnable" seed="1957320109" result="Passed" start-time="2026-09-10 13:39:40Z" end-time="2026-09-10 13:39:40Z" duration="0.002578" asserts="0">
          <properties>
            <property name="retryIteration" value="0" />
            <property name="repeatIteration" value="0" />
          </properties>
        </test-case>
        <test-case id="1608" name="HistoryRecordValidatesItsHalfOpenIntervalAndIsImmutable" fullname="WeatherHistoryTests.HistoryRecordValidatesItsHalfOpenIntervalAndIsImmutable" methodname="HistoryRecordValidatesItsHalfOpenIntervalAndIsImmutable" classname="WeatherHistoryTests" runstate="Runnable" seed="1259214149" result="Passed" start-time="2026-09-10 13:39:40Z" end-time="2026-09-10 13:39:40Z" duration="0.000890" asserts="0">
          <properties>
            <property name="retryIteration" value="0" />
            <property name="repeatIteration" value="0" />
          </properties>
        </test-case>
        <test-case id="1610" name="InvalidRangesUnknownRegionsAndPreLoadQueriesFailClosed" fullname="WeatherHistoryTests.InvalidRangesUnknownRegionsAndPreLoadQueriesFailClosed" methodname="InvalidRangesUnknownRegionsAndPreLoadQueriesFailClosed" classname="WeatherHistoryTests" runstate="Runnable" seed="1783781479" result="Passed" start-time="2026-09-10 13:39:40Z" end-time="2026-09-10 13:39:40Z" duration="0.001087" asserts="0">
          <properties>
            <property name="retryIteration" value="0" />
            <property name="repeatIteration" value="0" />
          </properties>
        </test-case>
        <test-case id="1612" name="QueryClipsRecordsToRequestAndAvailabilityPrefix" fullname="WeatherHistoryTests.QueryClipsRecordsToRequestAndAvailabilityPrefix" methodname="QueryClipsRecordsToRequestAndAvailabilityPrefix" classname="WeatherHistoryTests" runstate="Runnable" seed="372897456" result="Passed" start-time="2026-09-10 13:39:40Z" end-time="2026-09-10 13:39:40Z" duration="0.001593" asserts="0">
          <properties>
            <property name="retryIteration" value="0" />
            <property name="repeatIteration" value="0" />
          </properties>
        </test-case>
        <test-case id="1613" name="QueryCoalescesAdjacentCompatibleClosedAndOpenSegments" fullname="WeatherHistoryTests.QueryCoalescesAdjacentCompatibleClosedAndOpenSegments" methodname="QueryCoalescesAdjacentCompatibleClosedAndOpenSegments" classname="WeatherHistoryTests" runstate="Runnable" seed="1487674088" result="Passed" start-time="2026-09-10 13:39:40Z" end-time="2026-09-10 13:39:40Z" duration="0.001026" asserts="0">
          <properties>
            <property name="retryIteration" value="0" />
            <property name="repeatIteration" value="0" />
          </properties>
        </test-case>
        <test-case id="1615" name="QueryHonorsCurrentTimeAndHalfOpenRangeLimits" fullname="WeatherHistoryTests.QueryHonorsCurrentTimeAndHalfOpenRangeLimits" methodname="QueryHonorsCurrentTimeAndHalfOpenRangeLimits" classname="WeatherHistoryTests" runstate="Runnable" seed="871270595" result="Passed" start-time="2026-09-10 13:39:40Z" end-time="2026-09-10 13:39:40Z" duration="0.000945" asserts="0">
          <properties>
            <property name="retryIteration" value="0" />
            <property name="repeatIteration" value="0" />
          </properties>
        </test-case>
        <test-case id="1609" name="QueryResultDefensivelyOwnsReadOnlyRecordsAndComputesCompleteness" fullname="WeatherHistoryTests.QueryResultDefensivelyOwnsReadOnlyRecordsAndComputesCompleteness" methodname="QueryResultDefensivelyOwnsReadOnlyRecordsAndComputesCompleteness" classname="WeatherHistoryTests" runstate="Runnable" seed="1953722243" result="Passed" start-time="2026-09-10 13:39:40Z" end-time="2026-09-10 13:39:40Z" duration="0.001723" asserts="0">
          <properties>
            <property name="retryIteration" value="0" />
            <property name="repeatIteration" value="0" />
          </properties>
        </test-case>
        <test-case id="1611" name="QueryReturnsClosedRecordsAndSyntheticCurrentOpenSegment" fullname="WeatherHistoryTests.QueryReturnsClosedRecordsAndSyntheticCurrentOpenSegment" methodname="QueryReturnsClosedRecordsAndSyntheticCurrentOpenSegment" classname="WeatherHistoryTests" runstate="Runnable" seed="1343042399" result="Passed" start-time="2026-09-10 13:39:40Z" end-time="2026-09-10 13:39:40Z" duration="0.001213" asserts="0">
          <properties>
            <property name="retryIteration" value="0" />
            <property name="repeatIteration" value="0" />
          </properties>
        </test-case>
        <test-case id="1618" name="RepeatedQueriesDoNotMutateStateHistorySubscriptionsOrSeeds" fullname="WeatherHistoryTests.RepeatedQueriesDoNotMutateStateHistorySubscriptionsOrSeeds" methodname="RepeatedQueriesDoNotMutateStateHistorySubscriptionsOrSeeds" classname="WeatherHistoryTests" runstate="Runnable" seed="529021896" result="Passed" start-time="2026-09-10 13:39:40Z" end-time="2026-09-10 13:39:40Z" duration="0.001652" asserts="0">
          <properties>
            <property name="retryIteration" value="0" />
            <property name="repeatIteration" value="0" />
          </properties>
        </test-case>
        <test-case id="1616" name="UnloadedFarmQueryReportsRainOccurrenceAndDuration" fullname="WeatherHistoryTests.UnloadedFarmQueryReportsRainOccurrenceAndDuration" methodname="UnloadedFarmQueryReportsRainOccurrenceAndDuration" classname="WeatherHistoryTests" runstate="Runnable" seed="1193396913" result="Passed" start-time="2026-09-10 13:39:40Z" end-time="2026-09-10 13:39:40Z" duration="0.001190" asserts="0">
          <properties>
            <property name="retryIteration" value="0" />
            <property name="repeatIteration" value="0" />
          </properties>
        </test-case>
      </test-suite>
      <test-suite type="TestFixture" id="1619" name="WeatherOverrideTests" fullname="WeatherOverrideTests" classname="WeatherOverrideTests" runstate="Runnable" testcasecount="12" result="Passed" start-time="2026-09-10 13:39:40Z" end-time="2026-09-10 13:39:40Z" duration="0.033984" total="12" passed="12" failed="0" inconclusive="0" skipped="0" asserts="0">
        <properties />
        <test-case id="1625" name="ActiveOverrideCorrectionUsesCurrentMinuteHistoryAndEventPath" fullname="WeatherOverrideTests.ActiveOverrideCorrectionUsesCurrentMinuteHistoryAndEventPath" methodname="ActiveOverrideCorrectionUsesCurrentMinuteHistoryAndEventPath" classname="WeatherOverrideTests" runstate="Runnable" seed="638474807" result="Passed" start-time="2026-09-10 13:39:40Z" end-time="2026-09-10 13:39:40Z" duration="0.005177" asserts="0">
          <properties>
            <property name="retryIteration" value="0" />
            <property name="repeatIteration" value="0" />
          </properties>
        </test-case>
        <test-case id="1628" name="ClearFallsThroughAuthoredFixedThenGeneratedWeather" fullname="WeatherOverrideTests.ClearFallsThroughAuthoredFixedThenGeneratedWeather" methodname="ClearFallsThroughAuthoredFixedThenGeneratedWeather" classname="WeatherOverrideTests" runstate="Runnable" seed="819564251" result="Passed" start-time="2026-09-10 13:39:40Z" end-time="2026-09-10 13:39:40Z" duration="0.002038" asserts="0">
          <properties>
            <property name="retryIteration" value="0" />
            <property name="repeatIteration" value="0" />
          </properties>
        </test-case>
        <test-case id="1623" name="DayZeroBeforeFirstSlotHasNoActiveKeyAndFutureOverrideAppliesAtBoundary" fullname="WeatherOverrideTests.DayZeroBeforeFirstSlotHasNoActiveKeyAndFutureOverrideAppliesAtBoundary" methodname="DayZeroBeforeFirstSlotHasNoActiveKeyAndFutureOverrideAppliesAtBoundary" classname="WeatherOverrideTests" runstate="Runnable" seed="1972470455" result="Passed" start-time="2026-09-10 13:39:40Z" end-time="2026-09-10 13:39:40Z" duration="0.002441" asserts="0">
          <properties>
            <property name="retryIteration" value="0" />
            <property name="repeatIteration" value="0" />
          </properties>
        </test-case>
        <test-case id="1624" name="FutureAndPastOverridesDoNotMutateCurrentWeatherOrHistory" fullname="WeatherOverrideTests.FutureAndPastOverridesDoNotMutateCurrentWeatherOrHistory" methodname="FutureAndPastOverridesDoNotMutateCurrentWeatherOrHistory" classname="WeatherOverrideTests" runstate="Runnable" seed="1857694722" result="Passed" start-time="2026-09-10 13:39:40Z" end-time="2026-09-10 13:39:40Z" duration="0.002387" asserts="0">
          <properties>
            <property name="retryIteration" value="0" />
            <property name="repeatIteration" value="0" />
          </properties>
        </test-case>
        <test-case id="1621" name="InvalidCommandsAndUnknownKeysFailClosed" fullname="WeatherOverrideTests.InvalidCommandsAndUnknownKeysFailClosed" methodname="InvalidCommandsAndUnknownKeysFailClosed" classname="WeatherOverrideTests" runstate="Runnable" seed="205052817" result="Passed" start-time="2026-09-10 13:39:40Z" end-time="2026-09-10 13:39:40Z" duration="0.001423" asserts="0">
          <properties>
            <property name="retryIteration" value="0" />
            <property name="repeatIteration" value="0" />
          </properties>
        </test-case>
        <test-case id="1626" name="MidSlotActiveSetReplaceAndClearUseCurrentMinuteWithoutSameResultChurn" fullname="WeatherOverrideTests.MidSlotActiveSetReplaceAndClearUseCurrentMinuteWithoutSameResultChurn" methodname="MidSlotActiveSetReplaceAndClearUseCurrentMinuteWithoutSameResultChurn" classname="WeatherOverrideTests" runstate="Runnable" seed="1279643734" result="Passed" start-time="2026-09-10 13:39:40Z" end-time="2026-09-10 13:39:40Z" duration="0.002709" asserts="0">
          <properties>
            <property name="retryIteration" value="0" />
            <property name="repeatIteration" value="0" />
          </properties>
        </test-case>
        <test-case id="1631" name="OverrideCommandsDoNotInvalidateGeneratorCache" fullname="WeatherOverrideTests.OverrideCommandsDoNotInvalidateGeneratorCache" methodname="OverrideCommandsDoNotInvalidateGeneratorCache" classname="WeatherOverrideTests" runstate="Runnable" seed="1492306182" result="Passed" start-time="2026-09-10 13:39:40Z" end-time="2026-09-10 13:39:40Z" duration="0.001963" asserts="0">
          <properties>
            <property name="retryIteration" value="0" />
            <property name="repeatIteration" value="0" />
          </properties>
        </test-case>
        <test-case id="1620" name="OverrideEntryIsImmutableValidatedAndNullNormalizesSourceTag" fullname="WeatherOverrideTests.OverrideEntryIsImmutableValidatedAndNullNormalizesSourceTag" methodname="OverrideEntryIsImmutableValidatedAndNullNormalizesSourceTag" classname="WeatherOverrideTests" runstate="Runnable" seed="2097725182" result="Passed" start-time="2026-09-10 13:39:40Z" end-time="2026-09-10 13:39:40Z" duration="0.000936" asserts="0">
          <properties>
            <property name="retryIteration" value="0" />
            <property name="repeatIteration" value="0" />
          </properties>
        </test-case>
        <test-case id="1630" name="OverridesPreserveSourceTagsAndDeterministicV6SaveReload" fullname="WeatherOverrideTests.OverridesPreserveSourceTagsAndDeterministicV6SaveReload" methodname="OverridesPreserveSourceTagsAndDeterministicV6SaveReload" classname="WeatherOverrideTests" runstate="Runnable" seed="388450728" result="Passed" start-time="2026-09-10 13:39:40Z" end-time="2026-09-10 13:39:40Z" duration="0.001667" asserts="0">
          <properties>
            <property name="retryIteration" value="0" />
            <property name="repeatIteration" value="0" />
          </properties>
        </test-case>
        <test-case id="1629" name="PastOverrideLeavesExperiencedHistoryImmutable" fullname="WeatherOverrideTests.PastOverrideLeavesExperiencedHistoryImmutable" methodname="PastOverrideLeavesExperiencedHistoryImmutable" classname="WeatherOverrideTests" runstate="Runnable" seed="536979555" result="Passed" start-time="2026-09-10 13:39:40Z" end-time="2026-09-10 13:39:40Z" duration="0.001206" asserts="0">
          <properties>
            <property name="retryIteration" value="0" />
            <property name="repeatIteration" value="0" />
          </properties>
        </test-case>
        <test-case id="1627" name="SameResultOverrideAndClearAreNoOpsForEventsAndHistory" fullname="WeatherOverrideTests.SameResultOverrideAndClearAreNoOpsForEventsAndHistory" methodname="SameResultOverrideAndClearAreNoOpsForEventsAndHistory" classname="WeatherOverrideTests" runstate="Runnable" seed="1197300592" result="Passed" start-time="2026-09-10 13:39:40Z" end-time="2026-09-10 13:39:40Z" duration="0.001385" asserts="0">
          <properties>
            <property name="retryIteration" value="0" />
            <property name="repeatIteration" value="0" />
          </properties>
        </test-case>
        <test-case id="1622" name="SetReplacesInPlaceAndClearRemovesExactOrdinalKey" fullname="WeatherOverrideTests.SetReplacesInPlaceAndClearRemovesExactOrdinalKey" methodname="SetReplacesInPlaceAndClearRemovesExactOrdinalKey" classname="WeatherOverrideTests" runstate="Runnable" seed="1733180707" result="Passed" start-time="2026-09-10 13:39:40Z" end-time="2026-09-10 13:39:40Z" duration="0.001650" asserts="0">
          <properties>
            <property name="retryIteration" value="0" />
            <property name="repeatIteration" value="0" />
          </properties>
        </test-case>
      </test-suite>
      <test-suite type="TestFixture" id="1745" name="WorldClockDriverTests" fullname="WorldClockDriverTests" classname="WorldClockDriverTests" runstate="Runnable" testcasecount="9" result="Passed" start-time="2026-09-10 13:39:40Z" end-time="2026-09-10 13:39:40Z" duration="0.024069" total="9" passed="9" failed="0" inconclusive="0" skipped="0" asserts="0">
        <properties />
        <test-case id="1752" name="DebugMultiplierScalesSampledRealTimeWithoutChangingTimeScale" fullname="WorldClockDriverTests.DebugMultiplierScalesSampledRealTimeWithoutChangingTimeScale" methodname="DebugMultiplierScalesSampledRealTimeWithoutChangingTimeScale" classname="WorldClockDriverTests" runstate="Runnable" seed="1326675893" result="Passed" start-time="2026-09-10 13:39:40Z" end-time="2026-09-10 13:39:40Z" duration="0.005432" asserts="0">
          <properties>
            <property name="retryIteration" value="0" />
            <property name="repeatIteration" value="0" />
          </properties>
        </test-case>
        <test-case id="1751" name="HitchClampDiscardsExcessRealTime" fullname="WorldClockDriverTests.HitchClampDiscardsExcessRealTime" methodname="HitchClampDiscardsExcessRealTime" classname="WorldClockDriverTests" runstate="Runnable" seed="931908282" result="Passed" start-time="2026-09-10 13:39:40Z" end-time="2026-09-10 13:39:40Z" duration="0.001850" asserts="0">
          <properties>
            <property name="retryIteration" value="0" />
            <property name="repeatIteration" value="0" />
          </properties>
        </test-case>
        <test-case id="1754" name="NearMaximumTimestampAdvancesOnlyAvailableMinutesAndSaturates" fullname="WorldClockDriverTests.NearMaximumTimestampAdvancesOnlyAvailableMinutesAndSaturates" methodname="NearMaximumTimestampAdvancesOnlyAvailableMinutesAndSaturates" classname="WorldClockDriverTests" runstate="Runnable" seed="889061616" result="Passed" start-time="2026-09-10 13:39:40Z" end-time="2026-09-10 13:39:40Z" duration="0.002180" asserts="0">
          <properties>
            <property name="retryIteration" value="0" />
            <property name="repeatIteration" value="0" />
          </properties>
        </test-case>
        <test-case id="1749" name="PauseAndSceneTransitionStatesBlockTheClock" fullname="WorldClockDriverTests.PauseAndSceneTransitionStatesBlockTheClock" methodname="PauseAndSceneTransitionStatesBlockTheClock" classname="WorldClockDriverTests" runstate="Runnable" seed="1328628269" result="Passed" start-time="2026-09-10 13:39:40Z" end-time="2026-09-10 13:39:40Z" duration="0.001820" asserts="0">
          <properties>
            <property name="retryIteration" value="0" />
            <property name="repeatIteration" value="0" />
          </properties>
        </test-case>
        <test-case id="1750" name="PlayingClockUsesUnscaledDeltaDuringHitStop" fullname="WorldClockDriverTests.PlayingClockUsesUnscaledDeltaDuringHitStop" methodname="PlayingClockUsesUnscaledDeltaDuringHitStop" classname="WorldClockDriverTests" runstate="Runnable" seed="369657823" result="Passed" start-time="2026-09-10 13:39:40Z" end-time="2026-09-10 13:39:40Z" duration="0.000663" asserts="0">
          <properties>
            <property name="retryIteration" value="0" />
            <property name="repeatIteration" value="0" />
          </properties>
        </test-case>
        <test-case id="1748" name="PlayingTickRetainsFractionalSecondsAndAdvancesCompleteMinutes" fullname="WorldClockDriverTests.PlayingTickRetainsFractionalSecondsAndAdvancesCompleteMinutes" methodname="PlayingTickRetainsFractionalSecondsAndAdvancesCompleteMinutes" classname="WorldClockDriverTests" runstate="Runnable" seed="1290504003" result="Passed" start-time="2026-09-10 13:39:40Z" end-time="2026-09-10 13:39:40Z" duration="0.000664" asserts="0">
          <properties>
            <property name="retryIteration" value="0" />
            <property name="repeatIteration" value="0" />
          </properties>
        </test-case>
        <test-case id="1753" name="RepeatedTicksAtMaximumTimestampAreHarmless" fullname="WorldClockDriverTests.RepeatedTicksAtMaximumTimestampAreHarmless" methodname="RepeatedTicksAtMaximumTimestampAreHarmless" classname="WorldClockDriverTests" runstate="Runnable" seed="2006180733" result="Passed" start-time="2026-09-10 13:39:40Z" end-time="2026-09-10 13:39:40Z" duration="0.001085" asserts="0">
          <properties>
            <property name="retryIteration" value="0" />
            <property name="repeatIteration" value="0" />
          </properties>
        </test-case>
        <test-case id="1746" name="TickBeforeSaveLoadDoesNotAdvanceOrMarkStateLoaded" fullname="WorldClockDriverTests.TickBeforeSaveLoadDoesNotAdvanceOrMarkStateLoaded" methodname="TickBeforeSaveLoadDoesNotAdvanceOrMarkStateLoaded" classname="WorldClockDriverTests" runstate="Runnable" seed="411252365" result="Passed" start-time="2026-09-10 13:39:40Z" end-time="2026-09-10 13:39:40Z" duration="0.000811" asserts="0">
          <properties>
            <property name="retryIteration" value="0" />
            <property name="repeatIteration" value="0" />
          </properties>
        </test-case>
        <test-case id="1747" name="TickWithoutGameManagerDoesNotAdvanceLoadedState" fullname="WorldClockDriverTests.TickWithoutGameManagerDoesNotAdvanceLoadedState" methodname="TickWithoutGameManagerDoesNotAdvanceLoadedState" classname="WorldClockDriverTests" runstate="Runnable" seed="961879658" result="Passed" start-time="2026-09-10 13:39:40Z" end-time="2026-09-10 13:39:40Z" duration="0.000705" asserts="0">
          <properties>
            <property name="retryIteration" value="0" />
            <property name="repeatIteration" value="0" />
          </properties>
        </test-case>
      </test-suite>
      <test-suite type="TestFixture" id="1755" name="WorldTimeSaveTests" fullname="WorldTimeSaveTests" classname="WorldTimeSaveTests" runstate="Runnable" testcasecount="8" result="Passed" start-time="2026-09-10 13:39:40Z" end-time="2026-09-10 13:39:40Z" duration="0.013062" total="8" passed="8" failed="0" inconclusive="0" skipped="0" asserts="0">
        <properties />
        <test-case id="1763" name="ApplyingNegativeSavedMinutesThrowsAndDoesNotApplyState" fullname="WorldTimeSaveTests.ApplyingNegativeSavedMinutesThrowsAndDoesNotApplyState" methodname="ApplyingNegativeSavedMinutesThrowsAndDoesNotApplyState" classname="WorldTimeSaveTests" runstate="Runnable" seed="1461760682" result="Passed" start-time="2026-09-10 13:39:40Z" end-time="2026-09-10 13:39:40Z" duration="0.002631" asserts="0">
          <properties>
            <property name="retryIteration" value="0" />
            <property name="repeatIteration" value="0" />
          </properties>
        </test-case>
        <test-case id="1762" name="ApplyingWorldTimeSaveRaisesStateAppliedExactlyOnce" fullname="WorldTimeSaveTests.ApplyingWorldTimeSaveRaisesStateAppliedExactlyOnce" methodname="ApplyingWorldTimeSaveRaisesStateAppliedExactlyOnce" classname="WorldTimeSaveTests" runstate="Runnable" seed="1617757529" result="Passed" start-time="2026-09-10 13:39:40Z" end-time="2026-09-10 13:39:40Z" duration="0.000646" asserts="0">
          <properties>
            <property name="retryIteration" value="0" />
            <property name="repeatIteration" value="0" />
          </properties>
        </test-case>
        <test-case id="1756" name="CurrentSaveVersionIsSix" fullname="WorldTimeSaveTests.CurrentSaveVersionIsSix" methodname="CurrentSaveVersionIsSix" classname="WorldTimeSaveTests" runstate="Runnable" seed="416880941" result="Passed" start-time="2026-09-10 13:39:40Z" end-time="2026-09-10 13:39:40Z" duration="0.000188" asserts="0">
          <properties>
            <property name="retryIteration" value="0" />
            <property name="repeatIteration" value="0" />
          </properties>
        </test-case>
        <test-case id="1758" name="MissingWorldTimeSectionIsNormalizedWithoutInventingTime" fullname="WorldTimeSaveTests.MissingWorldTimeSectionIsNormalizedWithoutInventingTime" methodname="MissingWorldTimeSectionIsNormalizedWithoutInventingTime" classname="WorldTimeSaveTests" runstate="Runnable" seed="1103159844" result="Passed" start-time="2026-09-10 13:39:40Z" end-time="2026-09-10 13:39:40Z" duration="0.000711" asserts="0">
          <properties>
            <property name="retryIteration" value="0" />
            <property name="repeatIteration" value="0" />
          </properties>
        </test-case>
        <test-case id="1759" name="PreV5WorldTimeSectionRemainsUninitializedDuringMigration" fullname="WorldTimeSaveTests.PreV5WorldTimeSectionRemainsUninitializedDuringMigration" methodname="PreV5WorldTimeSectionRemainsUninitializedDuringMigration" classname="WorldTimeSaveTests" runstate="Runnable" seed="190170380" result="Passed" start-time="2026-09-10 13:39:40Z" end-time="2026-09-10 13:39:40Z" duration="0.000268" asserts="0">
          <properties>
            <property name="retryIteration" value="0" />
            <property name="repeatIteration" value="0" />
          </properties>
        </test-case>
        <test-case id="1757" name="WeatherMigrationDeepNormalizesNestedSaveShapeAndKeepsPreV6Uninitialized" fullname="WorldTimeSaveTests.WeatherMigrationDeepNormalizesNestedSaveShapeAndKeepsPreV6Uninitialized" methodname="WeatherMigrationDeepNormalizesNestedSaveShapeAndKeepsPreV6Uninitialized" classname="WorldTimeSaveTests" runstate="Runnable" seed="2114199278" result="Passed" start-time="2026-09-10 13:39:40Z" end-time="2026-09-10 13:39:40Z" duration="0.000475" asserts="0">
          <properties>
            <property name="retryIteration" value="0" />
            <property name="repeatIteration" value="0" />
          </properties>
        </test-case>
        <test-case id="1760" name="WorldTimeSaveDataRoundTripsThroughJson" fullname="WorldTimeSaveTests.WorldTimeSaveDataRoundTripsThroughJson" methodname="WorldTimeSaveDataRoundTripsThroughJson" classname="WorldTimeSaveTests" runstate="Runnable" seed="1723561332" result="Passed" start-time="2026-09-10 13:39:40Z" end-time="2026-09-10 13:39:40Z" duration="0.000869" asserts="0">
          <properties>
            <property name="retryIteration" value="0" />
            <property name="repeatIteration" value="0" />
          </properties>
        </test-case>
        <test-case id="1761" name="WorldTimeStateGatherAndApplyRoundTripCanonicalMinutes" fullname="WorldTimeSaveTests.WorldTimeStateGatherAndApplyRoundTripCanonicalMinutes" methodname="WorldTimeStateGatherAndApplyRoundTripCanonicalMinutes" classname="WorldTimeSaveTests" runstate="Runnable" seed="569167117" result="Passed" start-time="2026-09-10 13:39:40Z" end-time="2026-09-10 13:39:40Z" duration="0.000680" asserts="0">
          <properties>
            <property name="retryIteration" value="0" />
            <property name="repeatIteration" value="0" />
          </properties>
        </test-case>
      </test-suite>
      <test-suite type="TestFixture" id="1764" name="WorldTimeSnapshotTests" fullname="WorldTimeSnapshotTests" classname="WorldTimeSnapshotTests" runstate="Runnable" testcasecount="5" result="Passed" start-time="2026-09-10 13:39:40Z" end-time="2026-09-10 13:39:40Z" duration="0.008196" total="5" passed="5" failed="0" inconclusive="0" skipped="0" asserts="0">
        <properties />
        <test-case id="1765" name="EpochUsesZeroBasedAbsoluteCountersAndEpochWeekday" fullname="WorldTimeSnapshotTests.EpochUsesZeroBasedAbsoluteCountersAndEpochWeekday" methodname="EpochUsesZeroBasedAbsoluteCountersAndEpochWeekday" classname="WorldTimeSnapshotTests" runstate="Runnable" seed="311208035" result="Passed" start-time="2026-09-10 13:39:40Z" end-time="2026-09-10 13:39:40Z" duration="0.001090" asserts="0">
          <properties>
            <property name="retryIteration" value="0" />
            <property name="repeatIteration" value="0" />
          </properties>
        </test-case>
        <test-case id="1768" name="LargeTimestampKeepsAbsoluteCountersWide" fullname="WorldTimeSnapshotTests.LargeTimestampKeepsAbsoluteCountersWide" methodname="LargeTimestampKeepsAbsoluteCountersWide" classname="WorldTimeSnapshotTests" runstate="Runnable" seed="319134194" result="Passed" start-time="2026-09-10 13:39:40Z" end-time="2026-09-10 13:39:40Z" duration="0.000588" asserts="0">
          <properties>
            <property name="retryIteration" value="0" />
            <property name="repeatIteration" value="0" />
          </properties>
        </test-case>
        <test-case id="1769" name="NegativeTimestampIsRejected" fullname="WorldTimeSnapshotTests.NegativeTimestampIsRejected" methodname="NegativeTimestampIsRejected" classname="WorldTimeSnapshotTests" runstate="Runnable" seed="416099378" result="Passed" start-time="2026-09-10 13:39:40Z" end-time="2026-09-10 13:39:40Z" duration="0.000423" asserts="0">
          <properties>
            <property name="retryIteration" value="0" />
            <property name="repeatIteration" value="0" />
          </properties>
        </test-case>
        <test-case id="1767" name="PhaseRangesWrapAtMidnightAndUseHalfOpenBoundaries" fullname="WorldTimeSnapshotTests.PhaseRangesWrapAtMidnightAndUseHalfOpenBoundaries" methodname="PhaseRangesWrapAtMidnightAndUseHalfOpenBoundaries" classname="WorldTimeSnapshotTests" runstate="Runnable" seed="1172930322" result="Passed" start-time="2026-09-10 13:39:40Z" end-time="2026-09-10 13:39:40Z" duration="0.000396" asserts="0">
          <properties>
            <property name="retryIteration" value="0" />
            <property name="repeatIteration" value="0" />
          </properties>
        </test-case>
        <test-case id="1766" name="WorkedInitialDateMatchesExactEpochArithmetic" fullname="WorldTimeSnapshotTests.WorkedInitialDateMatchesExactEpochArithmetic" methodname="WorkedInitialDateMatchesExactEpochArithmetic" classname="WorldTimeSnapshotTests" runstate="Runnable" seed="1585659411" result="Passed" start-time="2026-09-10 13:39:40Z" end-time="2026-09-10 13:39:40Z" duration="0.000417" asserts="0">
          <properties>
            <property name="retryIteration" value="0" />
            <property name="repeatIteration" value="0" />
          </properties>
        </test-case>
      </test-suite>
      <test-suite type="TestFixture" id="1770" name="WorldTimeStateTests" fullname="WorldTimeStateTests" classname="WorldTimeStateTests" runstate="Runnable" testcasecount="16" result="Passed" start-time="2026-09-10 13:39:40Z" end-time="2026-09-10 13:39:40Z" duration="0.115023" total="16" passed="16" failed="0" inconclusive="0" skipped="0" asserts="0">
        <properties />
        <test-case id="1783" name="AdvanceFromBoundaryCallbackIsRejectedAsReentrant" fullname="WorldTimeStateTests.AdvanceFromBoundaryCallbackIsRejectedAsReentrant" methodname="AdvanceFromBoundaryCallbackIsRejectedAsReentrant" classname="WorldTimeStateTests" runstate="Runnable" seed="1123280762" result="Passed" start-time="2026-09-10 13:39:40Z" end-time="2026-09-10 13:39:40Z" duration="0.001366" asserts="0">
          <properties>
            <property name="retryIteration" value="0" />
            <property name="repeatIteration" value="0" />
          </properties>
        </test-case>
        <test-case id="1785" name="ApplyFreshAndInitializedSaveBothPublishOneStateApplied" fullname="WorldTimeStateTests.ApplyFreshAndInitializedSaveBothPublishOneStateApplied" methodname="ApplyFreshAndInitializedSaveBothPublishOneStateApplied" classname="WorldTimeStateTests" runstate="Runnable" seed="745816202" result="Passed" start-time="2026-09-10 13:39:40Z" end-time="2026-09-10 13:39:40Z" duration="0.000612" asserts="0">
          <properties>
            <property name="retryIteration" value="0" />
            <property name="repeatIteration" value="0" />
          </properties>
        </test-case>
        <test-case id="1782" name="CheckedOverflowIsRejectedWithoutChangingCanonicalTime" fullname="WorldTimeStateTests.CheckedOverflowIsRejectedWithoutChangingCanonicalTime" methodname="CheckedOverflowIsRejectedWithoutChangingCanonicalTime" classname="WorldTimeStateTests" runstate="Runnable" seed="1847100467" result="Passed" start-time="2026-09-10 13:39:40Z" end-time="2026-09-10 13:39:40Z" duration="0.000872" asserts="0">
          <properties>
            <property name="retryIteration" value="0" />
            <property name="repeatIteration" value="0" />
          </properties>
        </test-case>
        <test-case id="1780" name="CoincidentMidnightSeasonAndYearEventsUseFixedOrder" fullname="WorldTimeStateTests.CoincidentMidnightSeasonAndYearEventsUseFixedOrder" methodname="CoincidentMidnightSeasonAndYearEventsUseFixedOrder" classname="WorldTimeStateTests" runstate="Runnable" seed="1578775996" result="Passed" start-time="2026-09-10 13:39:40Z" end-time="2026-09-10 13:39:40Z" duration="0.001993" asserts="0">
          <properties>
            <property name="retryIteration" value="0" />
            <property name="repeatIteration" value="0" />
          </properties>
        </test-case>
        <test-case id="1772" name="DawnToDawnSkipEmitsEveryCrossedPhaseInChronologicalOrder" fullname="WorldTimeStateTests.DawnToDawnSkipEmitsEveryCrossedPhaseInChronologicalOrder" methodname="DawnToDawnSkipEmitsEveryCrossedPhaseInChronologicalOrder" classname="WorldTimeStateTests" runstate="Runnable" seed="1712421138" result="Passed" start-time="2026-09-10 13:39:40Z" end-time="2026-09-10 13:39:40Z" duration="0.001636" asserts="0">
          <properties>
            <property name="retryIteration" value="0" />
            <property name="repeatIteration" value="0" />
          </properties>
        </test-case>
        <test-case id="1776" name="DayRolloverPublishesDayEventAndAdvancesWeekday" fullname="WorldTimeStateTests.DayRolloverPublishesDayEventAndAdvancesWeekday" methodname="DayRolloverPublishesDayEventAndAdvancesWeekday" classname="WorldTimeStateTests" runstate="Runnable" seed="608523904" result="Passed" start-time="2026-09-10 13:39:40Z" end-time="2026-09-10 13:39:40Z" duration="0.001739" asserts="0">
          <properties>
            <property name="retryIteration" value="0" />
            <property name="repeatIteration" value="0" />
          </properties>
        </test-case>
        <test-case id="1786" name="GatherWritesCanonicalLongAndDoesNotRequireLoadedFlag" fullname="WorldTimeStateTests.GatherWritesCanonicalLongAndDoesNotRequireLoadedFlag" methodname="GatherWritesCanonicalLongAndDoesNotRequireLoadedFlag" classname="WorldTimeStateTests" runstate="Runnable" seed="151886209" result="Passed" start-time="2026-09-10 13:39:40Z" end-time="2026-09-10 13:39:40Z" duration="0.000428" asserts="0">
          <properties>
            <property name="retryIteration" value="0" />
            <property name="repeatIteration" value="0" />
          </properties>
        </test-case>
        <test-case id="1771" name="LargeSkipEmitsTheSameOrderedBoundaryStreamAsSmallerCalls" fullname="WorldTimeStateTests.LargeSkipEmitsTheSameOrderedBoundaryStreamAsSmallerCalls" methodname="LargeSkipEmitsTheSameOrderedBoundaryStreamAsSmallerCalls" classname="WorldTimeStateTests" runstate="Runnable" seed="764814172" result="Passed" start-time="2026-09-10 13:39:40Z" end-time="2026-09-10 13:39:40Z" duration="0.075284" asserts="0">
          <properties>
            <property name="retryIteration" value="0" />
            <property name="repeatIteration" value="0" />
          </properties>
        </test-case>
        <test-case id="1774" name="MultipleCrossedHoursEmitOrderedHourBoundaries" fullname="WorldTimeStateTests.MultipleCrossedHoursEmitOrderedHourBoundaries" methodname="MultipleCrossedHoursEmitOrderedHourBoundaries" classname="WorldTimeStateTests" runstate="Runnable" seed="524463665" result="Passed" start-time="2026-09-10 13:39:40Z" end-time="2026-09-10 13:39:40Z" duration="0.002087" asserts="0">
          <properties>
            <property name="retryIteration" value="0" />
            <property name="repeatIteration" value="0" />
          </properties>
        </test-case>
        <test-case id="1773" name="OneCrossedHourEmitsOneHourChangedAtTheExactBoundary" fullname="WorldTimeStateTests.OneCrossedHourEmitsOneHourChangedAtTheExactBoundary" methodname="OneCrossedHourEmitsOneHourChangedAtTheExactBoundary" classname="WorldTimeStateTests" runstate="Runnable" seed="2135148687" result="Passed" start-time="2026-09-10 13:39:40Z" end-time="2026-09-10 13:39:40Z" duration="0.000586" asserts="0">
          <properties>
            <property name="retryIteration" value="0" />
            <property name="repeatIteration" value="0" />
          </properties>
        </test-case>
        <test-case id="1778" name="SeasonRolloverPublishesSeasonEventAndResetsDayOrdinal" fullname="WorldTimeStateTests.SeasonRolloverPublishesSeasonEventAndResetsDayOrdinal" methodname="SeasonRolloverPublishesSeasonEventAndResetsDayOrdinal" classname="WorldTimeStateTests" runstate="Runnable" seed="729522758" result="Passed" start-time="2026-09-10 13:39:40Z" end-time="2026-09-10 13:39:40Z" duration="0.000662" asserts="0">
          <properties>
            <property name="retryIteration" value="0" />
            <property name="repeatIteration" value="0" />
          </properties>
        </test-case>
        <test-case id="1784" name="ThrowingSubscriberDoesNotStopLaterBoundariesOrFinalEvent" fullname="WorldTimeStateTests.ThrowingSubscriberDoesNotStopLaterBoundariesOrFinalEvent" methodname="ThrowingSubscriberDoesNotStopLaterBoundariesOrFinalEvent" classname="WorldTimeStateTests" runstate="Runnable" seed="25944839" result="Passed" start-time="2026-09-10 13:39:40Z" end-time="2026-09-10 13:39:40Z" duration="0.006805" asserts="0">
          <properties>
            <property name="retryIteration" value="0" />
            <property name="repeatIteration" value="0" />
          </properties>
          <output><![CDATA[InvalidOperationException: intentional world-time callback failure
WorldTimeStateTests+<>c__DisplayClass13_0.<ThrowingSubscriberDoesNotStopLaterBoundariesOrFinalEvent>b__0 (WorldTimeSnapshot _) (at Assets/_Project/Scripts/Editor/Tests/WorldTime/WorldTimeStateTests.cs:388)
WorldTimeState.InvokeBoundarySubscribers (System.Action`1[T] subscribers, WorldTimeSnapshot snapshot) (at Assets/_Project/Scripts/World/Time/WorldTimeState.cs:167)
UnityEngine.Debug:LogException(Exception, Object)
WorldTimeState:InvokeBoundarySubscribers(Action`1, WorldTimeSnapshot) (at Assets/_Project/Scripts/World/Time/WorldTimeState.cs:173)
WorldTimeState:EmitBoundaryEvents(WorldTimeSnapshot, WorldTimeSnapshot) (at Assets/_Project/Scripts/World/Time/WorldTimeState.cs:145)
WorldTimeState:AdvanceMinutes(Int64) (at Assets/_Project/Scripts/World/Time/WorldTimeState.cs:86)
WorldTimeStateTests:ThrowingSubscriberDoesNotStopLaterBoundariesOrFinalEvent() (at Assets/_Project/Scripts/Editor/Tests/WorldTime/WorldTimeStateTests.cs:399)
System.Reflection.MethodBase:Invoke(Object, Object[])
NUnit.Framework.Internal.Reflect:InvokeMethod(MethodInfo, Object, Object[])
NUnit.Framework.Internal.MethodWrapper:Invoke(Object, Object[])
NUnit.Framework.Internal.Commands.TestMethodCommand:RunNonAsyncTestMethod(ITestExecutionContext)
NUnit.Framework.Internal.Commands.TestMethodCommand:RunTestMethod(ITestExecutionContext)
NUnit.Framework.Internal.Commands.TestMethodCommand:Execute(ITestExecutionContext)
UnityEditor.EditorApplication:Internal_CallUpdateFunctions()

]]></output>
        </test-case>
        <test-case id="1775" name="TimeAdvancedPublishesExactlyOnceWithBeforeAndAfterSnapshots" fullname="WorldTimeStateTests.TimeAdvancedPublishesExactlyOnceWithBeforeAndAfterSnapshots" methodname="TimeAdvancedPublishesExactlyOnceWithBeforeAndAfterSnapshots" classname="WorldTimeStateTests" runstate="Runnable" seed="409016455" result="Passed" start-time="2026-09-10 13:39:40Z" end-time="2026-09-10 13:39:40Z" duration="0.000585" asserts="0">
          <properties>
            <property name="retryIteration" value="0" />
            <property name="repeatIteration" value="0" />
          </properties>
        </test-case>
        <test-case id="1777" name="WeekdayWrapsFromSundayBackToMonday" fullname="WorldTimeStateTests.WeekdayWrapsFromSundayBackToMonday" methodname="WeekdayWrapsFromSundayBackToMonday" classname="WorldTimeStateTests" runstate="Runnable" seed="1371618229" result="Passed" start-time="2026-09-10 13:39:40Z" end-time="2026-09-10 13:39:40Z" duration="0.001310" asserts="0">
          <properties>
            <property name="retryIteration" value="0" />
            <property name="repeatIteration" value="0" />
          </properties>
        </test-case>
        <test-case id="1779" name="YearRolloverPublishesYearEventAndAdvancesYearCounter" fullname="WorldTimeStateTests.YearRolloverPublishesYearEventAndAdvancesYearCounter" methodname="YearRolloverPublishesYearEventAndAdvancesYearCounter" classname="WorldTimeStateTests" runstate="Runnable" seed="571213697" result="Passed" start-time="2026-09-10 13:39:40Z" end-time="2026-09-10 13:39:40Z" duration="0.000544" asserts="0">
          <properties>
            <property name="retryIteration" value="0" />
            <property name="repeatIteration" value="0" />
          </properties>
        </test-case>
        <test-case id="1781" name="ZeroIsNoOpAndNegativeAdvanceIsRejected" fullname="WorldTimeStateTests.ZeroIsNoOpAndNegativeAdvanceIsRejected" methodname="ZeroIsNoOpAndNegativeAdvanceIsRejected" classname="WorldTimeStateTests" runstate="Runnable" seed="732236344" result="Passed" start-time="2026-09-10 13:39:40Z" end-time="2026-09-10 13:39:40Z" duration="0.000514" asserts="0">
          <properties>
            <property name="retryIteration" value="0" />
            <property name="repeatIteration" value="0" />
          </properties>
        </test-case>
      </test-suite>
      <test-suite type="TestFixture" id="1632" name="WorldWeatherPersistenceTests" fullname="WorldWeatherPersistenceTests" classname="WorldWeatherPersistenceTests" runstate="Runnable" testcasecount="29" result="Passed" start-time="2026-09-10 13:39:40Z" end-time="2026-09-10 13:39:40Z" duration="0.062808" total="29" passed="29" failed="0" inconclusive="0" skipped="0" asserts="0">
        <properties />
        <test-case id="1648" name="AddedCatalogRegionSelfHealsAndUnknownSavedRegionIsDiscarded" fullname="WorldWeatherPersistenceTests.AddedCatalogRegionSelfHealsAndUnknownSavedRegionIsDiscarded" methodname="AddedCatalogRegionSelfHealsAndUnknownSavedRegionIsDiscarded" classname="WorldWeatherPersistenceTests" runstate="Runnable" seed="1573771896" result="Passed" start-time="2026-09-10 13:39:40Z" end-time="2026-09-10 13:39:40Z" duration="0.004936" asserts="0">
          <properties>
            <property name="retryIteration" value="0" />
            <property name="repeatIteration" value="0" />
          </properties>
          <output><![CDATA[[WorldWeatherState] Saved weather region 'removed_region' is not in the current catalog and was discarded.
]]></output>
        </test-case>
        <test-case id="1645" name="ApplyAndGatherDeepCopyCurrentStateHistoryAndOverrides" fullname="WorldWeatherPersistenceTests.ApplyAndGatherDeepCopyCurrentStateHistoryAndOverrides" methodname="ApplyAndGatherDeepCopyCurrentStateHistoryAndOverrides" classname="WorldWeatherPersistenceTests" runstate="Runnable" seed="1531514924" result="Passed" start-time="2026-09-10 13:39:40Z" end-time="2026-09-10 13:39:40Z" duration="0.001436" asserts="0">
          <properties>
            <property name="retryIteration" value="0" />
            <property name="repeatIteration" value="0" />
          </properties>
        </test-case>
        <test-case id="1656" name="ApplyCanRunBeforeOrAfterWorldTimeAndCompletionProducesEquivalentState" fullname="WorldWeatherPersistenceTests.ApplyCanRunBeforeOrAfterWorldTimeAndCompletionProducesEquivalentState" methodname="ApplyCanRunBeforeOrAfterWorldTimeAndCompletionProducesEquivalentState" classname="WorldWeatherPersistenceTests" runstate="Runnable" seed="1421402685" result="Passed" start-time="2026-09-10 13:39:40Z" end-time="2026-09-10 13:39:40Z" duration="0.001610" asserts="0">
          <properties>
            <property name="retryIteration" value="0" />
            <property name="repeatIteration" value="0" />
          </properties>
        </test-case>
        <test-case id="1643" name="ApplyDetachesOldClockAndRepeatedCompletionDoesNotDuplicateBinding" fullname="WorldWeatherPersistenceTests.ApplyDetachesOldClockAndRepeatedCompletionDoesNotDuplicateBinding" methodname="ApplyDetachesOldClockAndRepeatedCompletionDoesNotDuplicateBinding" classname="WorldWeatherPersistenceTests" runstate="Runnable" seed="242075446" result="Passed" start-time="2026-09-10 13:39:40Z" end-time="2026-09-10 13:39:40Z" duration="0.001672" asserts="0">
          <properties>
            <property name="retryIteration" value="0" />
            <property name="repeatIteration" value="0" />
          </properties>
        </test-case>
        <test-case id="1644" name="CatalogRecompletionUsesLatestRuntimeStateAndAcceptedOverrides" fullname="WorldWeatherPersistenceTests.CatalogRecompletionUsesLatestRuntimeStateAndAcceptedOverrides" methodname="CatalogRecompletionUsesLatestRuntimeStateAndAcceptedOverrides" classname="WorldWeatherPersistenceTests" runstate="Runnable" seed="1056054421" result="Passed" start-time="2026-09-10 13:39:40Z" end-time="2026-09-10 13:39:40Z" duration="0.002094" asserts="0">
          <properties>
            <property name="retryIteration" value="0" />
            <property name="repeatIteration" value="0" />
          </properties>
        </test-case>
        <test-case id="1641" name="ClosingHistoryMergesAdjacentCompatibleSavedSegment" fullname="WorldWeatherPersistenceTests.ClosingHistoryMergesAdjacentCompatibleSavedSegment" methodname="ClosingHistoryMergesAdjacentCompatibleSavedSegment" classname="WorldWeatherPersistenceTests" runstate="Runnable" seed="1716945004" result="Passed" start-time="2026-09-10 13:39:40Z" end-time="2026-09-10 13:39:40Z" duration="0.001546" asserts="0">
          <properties>
            <property name="retryIteration" value="0" />
            <property name="repeatIteration" value="0" />
          </properties>
        </test-case>
        <test-case id="1647" name="CompleteLoadIsIdempotentAndDoesNotRegenerateSeed" fullname="WorldWeatherPersistenceTests.CompleteLoadIsIdempotentAndDoesNotRegenerateSeed" methodname="CompleteLoadIsIdempotentAndDoesNotRegenerateSeed" classname="WorldWeatherPersistenceTests" runstate="Runnable" seed="1475831832" result="Passed" start-time="2026-09-10 13:39:40Z" end-time="2026-09-10 13:39:40Z" duration="0.001239" asserts="0">
          <properties>
            <property name="retryIteration" value="0" />
            <property name="repeatIteration" value="0" />
          </properties>
        </test-case>
        <test-case id="1646" name="CompleteLoadRequiresLoadedWorldTime" fullname="WorldWeatherPersistenceTests.CompleteLoadRequiresLoadedWorldTime" methodname="CompleteLoadRequiresLoadedWorldTime" classname="WorldWeatherPersistenceTests" runstate="Runnable" seed="904430696" result="Passed" start-time="2026-09-10 13:39:40Z" end-time="2026-09-10 13:39:40Z" duration="0.001092" asserts="0">
          <properties>
            <property name="retryIteration" value="0" />
            <property name="repeatIteration" value="0" />
          </properties>
        </test-case>
        <test-case id="1660" name="CurrentWeatherSaveMigrationNormalizesNullCollectionsAndNestedFields" fullname="WorldWeatherPersistenceTests.CurrentWeatherSaveMigrationNormalizesNullCollectionsAndNestedFields" methodname="CurrentWeatherSaveMigrationNormalizesNullCollectionsAndNestedFields" classname="WorldWeatherPersistenceTests" runstate="Runnable" seed="2019212888" result="Passed" start-time="2026-09-10 13:39:40Z" end-time="2026-09-10 13:39:40Z" duration="0.000622" asserts="0">
          <properties>
            <property name="retryIteration" value="0" />
            <property name="repeatIteration" value="0" />
          </properties>
        </test-case>
        <test-case id="1634" name="CurrentWeatherSurvivesTimeAdvancementAndOnlyDurationChanges" fullname="WorldWeatherPersistenceTests.CurrentWeatherSurvivesTimeAdvancementAndOnlyDurationChanges" methodname="CurrentWeatherSurvivesTimeAdvancementAndOnlyDurationChanges" classname="WorldWeatherPersistenceTests" runstate="Runnable" seed="545738730" result="Passed" start-time="2026-09-10 13:39:40Z" end-time="2026-09-10 13:39:40Z" duration="0.001364" asserts="0">
          <properties>
            <property name="retryIteration" value="0" />
            <property name="repeatIteration" value="0" />
          </properties>
        </test-case>
        <test-case id="1650" name="DuplicateSavedRegionUsesFirstEntryDeterministically" fullname="WorldWeatherPersistenceTests.DuplicateSavedRegionUsesFirstEntryDeterministically" methodname="DuplicateSavedRegionUsesFirstEntryDeterministically" classname="WorldWeatherPersistenceTests" runstate="Runnable" seed="56999592" result="Passed" start-time="2026-09-10 13:39:40Z" end-time="2026-09-10 13:39:40Z" duration="0.001820" asserts="0">
          <properties>
            <property name="retryIteration" value="0" />
            <property name="repeatIteration" value="0" />
          </properties>
          <output><![CDATA[[WorldWeatherState] Duplicate saved weather region 'region_a' ignored; first entry wins.
]]></output>
        </test-case>
        <test-case id="1633" name="FreshCompletionCreatesEveryRegionWithAuthoredWeatherAndPersistentSeeds" fullname="WorldWeatherPersistenceTests.FreshCompletionCreatesEveryRegionWithAuthoredWeatherAndPersistentSeeds" methodname="FreshCompletionCreatesEveryRegionWithAuthoredWeatherAndPersistentSeeds" classname="WorldWeatherPersistenceTests" runstate="Runnable" seed="209249671" result="Passed" start-time="2026-09-10 13:39:40Z" end-time="2026-09-10 13:39:40Z" duration="0.001525" asserts="0">
          <properties>
            <property name="retryIteration" value="0" />
            <property name="repeatIteration" value="0" />
          </properties>
        </test-case>
        <test-case id="1637" name="FreshRegionUsesActiveSlotAtLoadAndKeepsAvailabilityAtLoadedMinute" fullname="WorldWeatherPersistenceTests.FreshRegionUsesActiveSlotAtLoadAndKeepsAvailabilityAtLoadedMinute" methodname="FreshRegionUsesActiveSlotAtLoadAndKeepsAvailabilityAtLoadedMinute" classname="WorldWeatherPersistenceTests" runstate="Runnable" seed="1852914443" result="Passed" start-time="2026-09-10 13:39:40Z" end-time="2026-09-10 13:39:40Z" duration="0.001114" asserts="0">
          <properties>
            <property name="retryIteration" value="0" />
            <property name="repeatIteration" value="0" />
          </properties>
        </test-case>
        <test-case id="1638" name="FreshRegionUsesPriorDayActiveSlotBeforeFirstSlotOfLoadedDay" fullname="WorldWeatherPersistenceTests.FreshRegionUsesPriorDayActiveSlotBeforeFirstSlotOfLoadedDay" methodname="FreshRegionUsesPriorDayActiveSlotBeforeFirstSlotOfLoadedDay" classname="WorldWeatherPersistenceTests" runstate="Runnable" seed="1120726749" result="Passed" start-time="2026-09-10 13:39:40Z" end-time="2026-09-10 13:39:40Z" duration="0.001051" asserts="0">
          <properties>
            <property name="retryIteration" value="0" />
            <property name="repeatIteration" value="0" />
          </properties>
        </test-case>
        <test-case id="1654" name="InvalidOverlappingHistoryResetsKnownBoundaryToLoadedMinute" fullname="WorldWeatherPersistenceTests.InvalidOverlappingHistoryResetsKnownBoundaryToLoadedMinute" methodname="InvalidOverlappingHistoryResetsKnownBoundaryToLoadedMinute" classname="WorldWeatherPersistenceTests" runstate="Runnable" seed="2081384039" result="Passed" start-time="2026-09-10 13:39:40Z" end-time="2026-09-10 13:39:40Z" duration="0.001647" asserts="0">
          <properties>
            <property name="retryIteration" value="0" />
            <property name="repeatIteration" value="0" />
          </properties>
          <output><![CDATA[[WorldWeatherState] Saved region 'region_a' had invalid or overlapping history; resetting its known history boundary.
]]></output>
        </test-case>
        <test-case id="1655" name="InvalidOverridesAreDiscardedWithoutAffectingCurrentWeather" fullname="WorldWeatherPersistenceTests.InvalidOverridesAreDiscardedWithoutAffectingCurrentWeather" methodname="InvalidOverridesAreDiscardedWithoutAffectingCurrentWeather" classname="WorldWeatherPersistenceTests" runstate="Runnable" seed="2015394743" result="Passed" start-time="2026-09-10 13:39:40Z" end-time="2026-09-10 13:39:40Z" duration="0.002662" asserts="0">
          <properties>
            <property name="retryIteration" value="0" />
            <property name="repeatIteration" value="0" />
          </properties>
          <output><![CDATA[[WorldWeatherState] Ignoring a malformed saved weather override.
[WorldWeatherState] Ignoring a malformed saved weather override.
[WorldWeatherState] Ignoring a malformed saved weather override.
]]></output>
        </test-case>
        <test-case id="1651" name="InvalidWeatherAndFutureTimestampsNormalizeSafely" fullname="WorldWeatherPersistenceTests.InvalidWeatherAndFutureTimestampsNormalizeSafely" methodname="InvalidWeatherAndFutureTimestampsNormalizeSafely" classname="WorldWeatherPersistenceTests" runstate="Runnable" seed="1988625499" result="Passed" start-time="2026-09-10 13:39:40Z" end-time="2026-09-10 13:39:40Z" duration="0.003562" asserts="0">
          <properties>
            <property name="retryIteration" value="0" />
            <property name="repeatIteration" value="0" />
          </properties>
          <output><![CDATA[[WorldWeatherState] Saved region 'region_a' contained invalid weather value 99; using its authored initial weather.
[WorldWeatherState] region 'region_a' currentWeatherStartMinute was after the loaded world minute and was clamped.
[WorldWeatherState] region 'region_a' historyAvailableFromMinute was after the loaded world minute and was clamped.
]]></output>
        </test-case>
        <test-case id="1658" name="JsonUtilityPreservesAllRootSeedBits" fullname="WorldWeatherPersistenceTests.JsonUtilityPreservesAllRootSeedBits" methodname="JsonUtilityPreservesAllRootSeedBits" classname="WorldWeatherPersistenceTests" runstate="Runnable" seed="1044702890" result="Passed" start-time="2026-09-10 13:39:40Z" end-time="2026-09-10 13:39:40Z" duration="0.000610" asserts="0">
          <properties>
            <property name="retryIteration" value="0" />
            <property name="repeatIteration" value="0" />
          </properties>
        </test-case>
        <test-case id="1653" name="NegativeHistoryRecordTimestampResetsWeatherBoundaryToLoadedMinute" fullname="WorldWeatherPersistenceTests.NegativeHistoryRecordTimestampResetsWeatherBoundaryToLoadedMinute" methodname="NegativeHistoryRecordTimestampResetsWeatherBoundaryToLoadedMinute" classname="WorldWeatherPersistenceTests" runstate="Runnable" seed="1700316492" result="Passed" start-time="2026-09-10 13:39:40Z" end-time="2026-09-10 13:39:40Z" duration="0.002076" asserts="0">
          <properties>
            <property name="retryIteration" value="0" />
            <property name="repeatIteration" value="0" />
          </properties>
          <output><![CDATA[[WorldWeatherState] Saved region 'region_a' contained a negative timestamp; resetting its history and weather boundary to the loaded world minute.
]]></output>
        </test-case>
        <test-case id="1652" name="NegativeRegionTimestampsResetWeatherBoundaryToLoadedMinute" fullname="WorldWeatherPersistenceTests.NegativeRegionTimestampsResetWeatherBoundaryToLoadedMinute" methodname="NegativeRegionTimestampsResetWeatherBoundaryToLoadedMinute" classname="WorldWeatherPersistenceTests" runstate="Runnable" seed="657508489" result="Passed" start-time="2026-09-10 13:39:40Z" end-time="2026-09-10 13:39:40Z" duration="0.001637" asserts="0">
          <properties>
            <property name="retryIteration" value="0" />
            <property name="repeatIteration" value="0" />
          </properties>
          <output><![CDATA[[WorldWeatherState] Saved region 'region_a' contained a negative timestamp; resetting its history and weather boundary to the loaded world minute.
]]></output>
        </test-case>
        <test-case id="1659" name="PreWeatherSaveMigratesToUninitializedClimateStateWithoutHistory" fullname="WorldWeatherPersistenceTests.PreWeatherSaveMigratesToUninitializedClimateStateWithoutHistory" methodname="PreWeatherSaveMigratesToUninitializedClimateStateWithoutHistory" classname="WorldWeatherPersistenceTests" runstate="Runnable" seed="409464320" result="Passed" start-time="2026-09-10 13:39:40Z" end-time="2026-09-10 13:39:40Z" duration="0.000343" asserts="0">
          <properties>
            <property name="retryIteration" value="0" />
            <property name="repeatIteration" value="0" />
          </properties>
        </test-case>
        <test-case id="1642" name="ProgressedWeatherHistoryAndSeedSurviveSaveReload" fullname="WorldWeatherPersistenceTests.ProgressedWeatherHistoryAndSeedSurviveSaveReload" methodname="ProgressedWeatherHistoryAndSeedSurviveSaveReload" classname="WorldWeatherPersistenceTests" runstate="Runnable" seed="577489407" result="Passed" start-time="2026-09-10 13:39:40Z" end-time="2026-09-10 13:39:40Z" duration="0.001315" asserts="0">
          <properties>
            <property name="retryIteration" value="0" />
            <property name="repeatIteration" value="0" />
          </properties>
        </test-case>
        <test-case id="1635" name="ProgressionResolvesSixAndEighteenAndClosesHistoryAtExactBoundaries" fullname="WorldWeatherPersistenceTests.ProgressionResolvesSixAndEighteenAndClosesHistoryAtExactBoundaries" methodname="ProgressionResolvesSixAndEighteenAndClosesHistoryAtExactBoundaries" classname="WorldWeatherPersistenceTests" runstate="Runnable" seed="627262696" result="Passed" start-time="2026-09-10 13:39:40Z" end-time="2026-09-10 13:39:40Z" duration="0.001738" asserts="0">
          <properties>
            <property name="retryIteration" value="0" />
            <property name="repeatIteration" value="0" />
          </properties>
        </test-case>
        <test-case id="1649" name="RemovedRegionIsNotResurrectedWhenCatalogAddsItBack" fullname="WorldWeatherPersistenceTests.RemovedRegionIsNotResurrectedWhenCatalogAddsItBack" methodname="RemovedRegionIsNotResurrectedWhenCatalogAddsItBack" classname="WorldWeatherPersistenceTests" runstate="Runnable" seed="1034993969" result="Passed" start-time="2026-09-10 13:39:40Z" end-time="2026-09-10 13:39:40Z" duration="0.002227" asserts="0">
          <properties>
            <property name="retryIteration" value="0" />
            <property name="repeatIteration" value="0" />
          </properties>
          <output><![CDATA[[WorldWeatherState] Saved weather region 'region_b' is not in the current catalog and was discarded.
]]></output>
        </test-case>
        <test-case id="1640" name="SameWeatherSlotIsNoOpWithoutEventOrHistoryMutation" fullname="WorldWeatherPersistenceTests.SameWeatherSlotIsNoOpWithoutEventOrHistoryMutation" methodname="SameWeatherSlotIsNoOpWithoutEventOrHistoryMutation" classname="WorldWeatherPersistenceTests" runstate="Runnable" seed="905646672" result="Passed" start-time="2026-09-10 13:39:40Z" end-time="2026-09-10 13:39:40Z" duration="0.001634" asserts="0">
          <properties>
            <property name="retryIteration" value="0" />
            <property name="repeatIteration" value="0" />
          </properties>
        </test-case>
        <test-case id="1639" name="SavedOverrideBeatsFixedSlotWhichBeatsGeneratedWeather" fullname="WorldWeatherPersistenceTests.SavedOverrideBeatsFixedSlotWhichBeatsGeneratedWeather" methodname="SavedOverrideBeatsFixedSlotWhichBeatsGeneratedWeather" classname="WorldWeatherPersistenceTests" runstate="Runnable" seed="1111304444" result="Passed" start-time="2026-09-10 13:39:40Z" end-time="2026-09-10 13:39:40Z" duration="0.001496" asserts="0">
          <properties>
            <property name="retryIteration" value="0" />
            <property name="repeatIteration" value="0" />
          </properties>
        </test-case>
        <test-case id="1657" name="SaveManagerTargetOrderProducesEquivalentCompletedWeatherState" fullname="WorldWeatherPersistenceTests.SaveManagerTargetOrderProducesEquivalentCompletedWeatherState" methodname="SaveManagerTargetOrderProducesEquivalentCompletedWeatherState" classname="WorldWeatherPersistenceTests" runstate="Runnable" seed="2058755677" result="Passed" start-time="2026-09-10 13:39:40Z" end-time="2026-09-10 13:39:40Z" duration="0.004502" asserts="0">
          <properties>
            <property name="retryIteration" value="0" />
            <property name="repeatIteration" value="0" />
          </properties>
          <output><![CDATA[[SaveManager] No save targets assigned — persistent ScriptableObject state will not be gathered or applied.
[SaveManager] No save targets assigned — persistent ScriptableObject state will not be gathered or applied.
]]></output>
        </test-case>
        <test-case id="1636" name="SkipResolvesEveryConfiguredSlotForEachRegionInCatalogOrder" fullname="WorldWeatherPersistenceTests.SkipResolvesEveryConfiguredSlotForEachRegionInCatalogOrder" methodname="SkipResolvesEveryConfiguredSlotForEachRegionInCatalogOrder" classname="WorldWeatherPersistenceTests" runstate="Runnable" seed="2016551182" result="Passed" start-time="2026-09-10 13:39:40Z" end-time="2026-09-10 13:39:40Z" duration="0.001660" asserts="0">
          <properties>
            <property name="retryIteration" value="0" />
            <property name="repeatIteration" value="0" />
          </properties>
        </test-case>
        <test-case id="1661" name="UnknownRegionQueryReturnsFalse" fullname="WorldWeatherPersistenceTests.UnknownRegionQueryReturnsFalse" methodname="UnknownRegionQueryReturnsFalse" classname="WorldWeatherPersistenceTests" runstate="Runnable" seed="1527177423" result="Passed" start-time="2026-09-10 13:39:40Z" end-time="2026-09-10 13:39:40Z" duration="0.000994" asserts="0">
          <properties>
            <property name="retryIteration" value="0" />
            <property name="repeatIteration" value="0" />
          </properties>
          <output><![CDATA[<b><color=#2EA3FF>MCP-FOR-UNITY</color></b>: [TestRunnerNoThrottle] Restored Interaction Mode after test run.
Saving results to: C:/Users/samue/AppData/LocalLow/DefaultCompany/Metroidvania Controller\TestResults.xml
]]></output>
        </test-case>
      </test-suite>
    </test-suite>
  </test-suite>
</test-run>