<?xml version="1.0" encoding="utf-8"?>
<test-run id="2" testcasecount="50" result="Passed" total="50" passed="50" failed="0" inconclusive="0" skipped="0" asserts="0" engine-version="3.5.0.0" clr-version="4.0.30319.42000" start-time="2026-09-10 12:58:52Z" end-time="2026-09-10 12:58:52Z" duration="0.1954346">
  <test-suite type="TestSuite" id="1000" name="Metroidvania Controller" fullname="Metroidvania Controller" runstate="Runnable" testcasecount="704" result="Passed" start-time="2026-09-10 12:58:52Z" end-time="2026-09-10 12:58:52Z" duration="0.195435" total="50" passed="50" failed="0" inconclusive="0" skipped="0" asserts="0">
    <properties>
      <property name="platform" value="EditMode" />
    </properties>
    <test-suite type="Assembly" id="1772" name="Assembly-CSharp-Editor.dll" fullname="E:/GameDev/Projects/Final_Project/Metroidvania Controller/Library/ScriptAssemblies/Assembly-CSharp-Editor.dll" runstate="Runnable" testcasecount="704" result="Passed" start-time="2026-09-10 12:58:52Z" end-time="2026-09-10 12:58:52Z" duration="0.176224" total="50" passed="50" failed="0" inconclusive="0" skipped="0" asserts="0">
      <properties>
        <property name="_PID" value="26264" />
        <property name="_APPDOMAIN" value="Unity Child Domain" />
        <property name="platform" value="EditMode" />
        <property name="EditorOnly" value="True" />
      </properties>
      <test-suite type="TestFixture" id="1582" name="WeatherGeneratorTests" fullname="WeatherGeneratorTests" classname="WeatherGeneratorTests" runstate="Runnable" testcasecount="10" result="Passed" start-time="2026-09-10 12:58:52Z" end-time="2026-09-10 12:58:52Z" duration="0.047076" total="10" passed="10" failed="0" inconclusive="0" skipped="0" asserts="0">
        <properties />
        <test-case id="1591" name="CacheKeepsThreeImmutablePeriodsPerRegionUsingLruEviction" fullname="WeatherGeneratorTests.CacheKeepsThreeImmutablePeriodsPerRegionUsingLruEviction" methodname="CacheKeepsThreeImmutablePeriodsPerRegionUsingLruEviction" classname="WeatherGeneratorTests" runstate="Runnable" seed="297918837" result="Passed" start-time="2026-09-10 12:58:52Z" end-time="2026-09-10 12:58:52Z" duration="0.021897" asserts="0">
          <properties>
            <property name="retryIteration" value="0" />
            <property name="repeatIteration" value="0" />
          </properties>
        </test-case>
        <test-case id="1588" name="FixedSlotDoesNotConsumeTheRandomStream" fullname="WeatherGeneratorTests.FixedSlotDoesNotConsumeTheRandomStream" methodname="FixedSlotDoesNotConsumeTheRandomStream" classname="WeatherGeneratorTests" runstate="Runnable" seed="952878464" result="Passed" start-time="2026-09-10 12:58:52Z" end-time="2026-09-10 12:58:52Z" duration="0.001282" asserts="0">
          <properties>
            <property name="retryIteration" value="0" />
            <property name="repeatIteration" value="0" />
          </properties>
        </test-case>
        <test-case id="1587" name="FixedSlotEmitsAuthoredWeatherAndBecomesNextTransitionSource" fullname="WeatherGeneratorTests.FixedSlotEmitsAuthoredWeatherAndBecomesNextTransitionSource" methodname="FixedSlotEmitsAuthoredWeatherAndBecomesNextTransitionSource" classname="WeatherGeneratorTests" runstate="Runnable" seed="354270706" result="Passed" start-time="2026-09-10 12:58:52Z" end-time="2026-09-10 12:58:52Z" duration="0.000469" asserts="0">
          <properties>
            <property name="retryIteration" value="0" />
            <property name="repeatIteration" value="0" />
          </properties>
        </test-case>
        <test-case id="1592" name="InvalidDimensionsAndQueryKeysFailClosed" fullname="WeatherGeneratorTests.InvalidDimensionsAndQueryKeysFailClosed" methodname="InvalidDimensionsAndQueryKeysFailClosed" classname="WeatherGeneratorTests" runstate="Runnable" seed="1436925013" result="Passed" start-time="2026-09-10 12:58:52Z" end-time="2026-09-10 12:58:52Z" duration="0.001477" asserts="0">
          <properties>
            <property name="retryIteration" value="0" />
            <property name="repeatIteration" value="0" />
          </properties>
        </test-case>
        <test-case id="1585" name="NextBelowMatchesApprovedGoldenValuesAndRejectsZeroBound" fullname="WeatherGeneratorTests.NextBelowMatchesApprovedGoldenValuesAndRejectsZeroBound" methodname="NextBelowMatchesApprovedGoldenValuesAndRejectsZeroBound" classname="WeatherGeneratorTests" runstate="Runnable" seed="1482995811" result="Passed" start-time="2026-09-10 12:58:52Z" end-time="2026-09-10 12:58:52Z" duration="0.001043" asserts="0">
          <properties>
            <property name="retryIteration" value="0" />
            <property name="repeatIteration" value="0" />
          </properties>
        </test-case>
        <test-case id="1589" name="ResultsAreDeterministicRegardlessOfQueryOrder" fullname="WeatherGeneratorTests.ResultsAreDeterministicRegardlessOfQueryOrder" methodname="ResultsAreDeterministicRegardlessOfQueryOrder" classname="WeatherGeneratorTests" runstate="Runnable" seed="1421434730" result="Passed" start-time="2026-09-10 12:58:52Z" end-time="2026-09-10 12:58:52Z" duration="0.000820" asserts="0">
          <properties>
            <property name="retryIteration" value="0" />
            <property name="repeatIteration" value="0" />
          </properties>
        </test-case>
        <test-case id="1590" name="SeasonsResolveByAbsoluteInstanceAndRestartFromTheirAuthoredEntryWeather" fullname="WeatherGeneratorTests.SeasonsResolveByAbsoluteInstanceAndRestartFromTheirAuthoredEntryWeather" methodname="SeasonsResolveByAbsoluteInstanceAndRestartFromTheirAuthoredEntryWeather" classname="WeatherGeneratorTests" runstate="Runnable" seed="500852245" result="Passed" start-time="2026-09-10 12:58:52Z" end-time="2026-09-10 12:58:52Z" duration="0.000530" asserts="0">
          <properties>
            <property name="retryIteration" value="0" />
            <property name="repeatIteration" value="0" />
          </properties>
        </test-case>
        <test-case id="1583" name="SplitMix64DerivationMatchesApprovedGoldenValues" fullname="WeatherGeneratorTests.SplitMix64DerivationMatchesApprovedGoldenValues" methodname="SplitMix64DerivationMatchesApprovedGoldenValues" classname="WeatherGeneratorTests" runstate="Runnable" seed="782128659" result="Passed" start-time="2026-09-10 12:58:52Z" end-time="2026-09-10 12:58:52Z" duration="0.000382" asserts="0">
          <properties>
            <property name="retryIteration" value="0" />
            <property name="repeatIteration" value="0" />
          </properties>
        </test-case>
        <test-case id="1586" name="WeightedGenerationMatchesGoldenSequenceAndConfiguredShape" fullname="WeatherGeneratorTests.WeightedGenerationMatchesGoldenSequenceAndConfiguredShape" methodname="WeightedGenerationMatchesGoldenSequenceAndConfiguredShape" classname="WeatherGeneratorTests" runstate="Runnable" seed="1953010822" result="Passed" start-time="2026-09-10 12:58:52Z" end-time="2026-09-10 12:58:52Z" duration="0.000692" asserts="0">
          <properties>
            <property name="retryIteration" value="0" />
            <property name="repeatIteration" value="0" />
          </properties>
        </test-case>
        <test-case id="1584" name="XorShift32MatchesApprovedGoldenSequence" fullname="WeatherGeneratorTests.XorShift32MatchesApprovedGoldenSequence" methodname="XorShift32MatchesApprovedGoldenSequence" classname="WeatherGeneratorTests" runstate="Runnable" seed="1687435400" result="Passed" start-time="2026-09-10 12:58:52Z" end-time="2026-09-10 12:58:52Z" duration="0.000343" asserts="0">
          <properties>
            <property name="retryIteration" value="0" />
            <property name="repeatIteration" value="0" />
          </properties>
        </test-case>
      </test-suite>
      <test-suite type="TestFixture" id="1593" name="WeatherHistoryTests" fullname="WeatherHistoryTests" classname="WeatherHistoryTests" runstate="Runnable" testcasecount="11" result="Passed" start-time="2026-09-10 12:58:52Z" end-time="2026-09-10 12:58:52Z" duration="0.035088" total="11" passed="11" failed="0" inconclusive="0" skipped="0" asserts="0">
        <properties />
        <test-case id="1600" name="EntirelyUnavailableRangeReturnsTrueEmptyAndIncomplete" fullname="WeatherHistoryTests.EntirelyUnavailableRangeReturnsTrueEmptyAndIncomplete" methodname="EntirelyUnavailableRangeReturnsTrueEmptyAndIncomplete" classname="WeatherHistoryTests" runstate="Runnable" seed="1026764228" result="Passed" start-time="2026-09-10 12:58:52Z" end-time="2026-09-10 12:58:52Z" duration="0.014184" asserts="0">
          <properties>
            <property name="retryIteration" value="0" />
            <property name="repeatIteration" value="0" />
          </properties>
        </test-case>
        <test-case id="1603" name="HistoryQuerySurvivesSaveReload" fullname="WeatherHistoryTests.HistoryQuerySurvivesSaveReload" methodname="HistoryQuerySurvivesSaveReload" classname="WeatherHistoryTests" runstate="Runnable" seed="2123448746" result="Passed" start-time="2026-09-10 12:58:52Z" end-time="2026-09-10 12:58:52Z" duration="0.005126" asserts="0">
          <properties>
            <property name="retryIteration" value="0" />
            <property name="repeatIteration" value="0" />
          </properties>
        </test-case>
        <test-case id="1594" name="HistoryRecordValidatesItsHalfOpenIntervalAndIsImmutable" fullname="WeatherHistoryTests.HistoryRecordValidatesItsHalfOpenIntervalAndIsImmutable" methodname="HistoryRecordValidatesItsHalfOpenIntervalAndIsImmutable" classname="WeatherHistoryTests" runstate="Runnable" seed="1374621662" result="Passed" start-time="2026-09-10 12:58:52Z" end-time="2026-09-10 12:58:52Z" duration="0.000701" asserts="0">
          <properties>
            <property name="retryIteration" value="0" />
            <property name="repeatIteration" value="0" />
          </properties>
        </test-case>
        <test-case id="1596" name="InvalidRangesUnknownRegionsAndPreLoadQueriesFailClosed" fullname="WeatherHistoryTests.InvalidRangesUnknownRegionsAndPreLoadQueriesFailClosed" methodname="InvalidRangesUnknownRegionsAndPreLoadQueriesFailClosed" classname="WeatherHistoryTests" runstate="Runnable" seed="1688487788" result="Passed" start-time="2026-09-10 12:58:52Z" end-time="2026-09-10 12:58:52Z" duration="0.000950" asserts="0">
          <properties>
            <property name="retryIteration" value="0" />
            <property name="repeatIteration" value="0" />
          </properties>
        </test-case>
        <test-case id="1598" name="QueryClipsRecordsToRequestAndAvailabilityPrefix" fullname="WeatherHistoryTests.QueryClipsRecordsToRequestAndAvailabilityPrefix" methodname="QueryClipsRecordsToRequestAndAvailabilityPrefix" classname="WeatherHistoryTests" runstate="Runnable" seed="1305124083" result="Passed" start-time="2026-09-10 12:58:52Z" end-time="2026-09-10 12:58:52Z" duration="0.001307" asserts="0">
          <properties>
            <property name="retryIteration" value="0" />
            <property name="repeatIteration" value="0" />
          </properties>
        </test-case>
        <test-case id="1599" name="QueryCoalescesAdjacentCompatibleClosedAndOpenSegments" fullname="WeatherHistoryTests.QueryCoalescesAdjacentCompatibleClosedAndOpenSegments" methodname="QueryCoalescesAdjacentCompatibleClosedAndOpenSegments" classname="WeatherHistoryTests" runstate="Runnable" seed="265832513" result="Passed" start-time="2026-09-10 12:58:52Z" end-time="2026-09-10 12:58:52Z" duration="0.000960" asserts="0">
          <properties>
            <property name="retryIteration" value="0" />
            <property name="repeatIteration" value="0" />
          </properties>
        </test-case>
        <test-case id="1601" name="QueryHonorsCurrentTimeAndHalfOpenRangeLimits" fullname="WeatherHistoryTests.QueryHonorsCurrentTimeAndHalfOpenRangeLimits" methodname="QueryHonorsCurrentTimeAndHalfOpenRangeLimits" classname="WeatherHistoryTests" runstate="Runnable" seed="736150608" result="Passed" start-time="2026-09-10 12:58:52Z" end-time="2026-09-10 12:58:52Z" duration="0.000940" asserts="0">
          <properties>
            <property name="retryIteration" value="0" />
            <property name="repeatIteration" value="0" />
          </properties>
        </test-case>
        <test-case id="1595" name="QueryResultDefensivelyOwnsReadOnlyRecordsAndComputesCompleteness" fullname="WeatherHistoryTests.QueryResultDefensivelyOwnsReadOnlyRecordsAndComputesCompleteness" methodname="QueryResultDefensivelyOwnsReadOnlyRecordsAndComputesCompleteness" classname="WeatherHistoryTests" runstate="Runnable" seed="1363328158" result="Passed" start-time="2026-09-10 12:58:52Z" end-time="2026-09-10 12:58:52Z" duration="0.001134" asserts="0">
          <properties>
            <property name="retryIteration" value="0" />
            <property name="repeatIteration" value="0" />
          </properties>
        </test-case>
        <test-case id="1597" name="QueryReturnsClosedRecordsAndSyntheticCurrentOpenSegment" fullname="WeatherHistoryTests.QueryReturnsClosedRecordsAndSyntheticCurrentOpenSegment" methodname="QueryReturnsClosedRecordsAndSyntheticCurrentOpenSegment" classname="WeatherHistoryTests" runstate="Runnable" seed="1745203086" result="Passed" start-time="2026-09-10 12:58:52Z" end-time="2026-09-10 12:58:52Z" duration="0.000899" asserts="0">
          <properties>
            <property name="retryIteration" value="0" />
            <property name="repeatIteration" value="0" />
          </properties>
        </test-case>
        <test-case id="1604" name="RepeatedQueriesDoNotMutateStateHistorySubscriptionsOrSeeds" fullname="WeatherHistoryTests.RepeatedQueriesDoNotMutateStateHistorySubscriptionsOrSeeds" methodname="RepeatedQueriesDoNotMutateStateHistorySubscriptionsOrSeeds" classname="WeatherHistoryTests" runstate="Runnable" seed="601566586" result="Passed" start-time="2026-09-10 12:58:52Z" end-time="2026-09-10 12:58:52Z" duration="0.002654" asserts="0">
          <properties>
            <property name="retryIteration" value="0" />
            <property name="repeatIteration" value="0" />
          </properties>
        </test-case>
        <test-case id="1602" name="UnloadedFarmQueryReportsRainOccurrenceAndDuration" fullname="WeatherHistoryTests.UnloadedFarmQueryReportsRainOccurrenceAndDuration" methodname="UnloadedFarmQueryReportsRainOccurrenceAndDuration" classname="WeatherHistoryTests" runstate="Runnable" seed="1182282895" result="Passed" start-time="2026-09-10 12:58:52Z" end-time="2026-09-10 12:58:52Z" duration="0.001025" asserts="0">
          <properties>
            <property name="retryIteration" value="0" />
            <property name="repeatIteration" value="0" />
          </properties>
        </test-case>
      </test-suite>
      <test-suite type="TestFixture" id="1617" name="WorldWeatherPersistenceTests" fullname="WorldWeatherPersistenceTests" classname="WorldWeatherPersistenceTests" runstate="Runnable" testcasecount="29" result="Passed" start-time="2026-09-10 12:58:52Z" end-time="2026-09-10 12:58:52Z" duration="0.059199" total="29" passed="29" failed="0" inconclusive="0" skipped="0" asserts="0">
        <properties />
        <test-case id="1633" name="AddedCatalogRegionSelfHealsAndUnknownSavedRegionIsDiscarded" fullname="WorldWeatherPersistenceTests.AddedCatalogRegionSelfHealsAndUnknownSavedRegionIsDiscarded" methodname="AddedCatalogRegionSelfHealsAndUnknownSavedRegionIsDiscarded" classname="WorldWeatherPersistenceTests" runstate="Runnable" seed="151118255" result="Passed" start-time="2026-09-10 12:58:52Z" end-time="2026-09-10 12:58:52Z" duration="0.006319" asserts="0">
          <properties>
            <property name="retryIteration" value="0" />
            <property name="repeatIteration" value="0" />
          </properties>
          <output><![CDATA[[WorldWeatherState] Saved weather region 'removed_region' is not in the current catalog and was discarded.
]]></output>
        </test-case>
        <test-case id="1630" name="ApplyAndGatherDeepCopyCurrentStateHistoryAndOverrides" fullname="WorldWeatherPersistenceTests.ApplyAndGatherDeepCopyCurrentStateHistoryAndOverrides" methodname="ApplyAndGatherDeepCopyCurrentStateHistoryAndOverrides" classname="WorldWeatherPersistenceTests" runstate="Runnable" seed="1542241911" result="Passed" start-time="2026-09-10 12:58:52Z" end-time="2026-09-10 12:58:52Z" duration="0.002266" asserts="0">
          <properties>
            <property name="retryIteration" value="0" />
            <property name="repeatIteration" value="0" />
          </properties>
        </test-case>
        <test-case id="1641" name="ApplyCanRunBeforeOrAfterWorldTimeAndCompletionProducesEquivalentState" fullname="WorldWeatherPersistenceTests.ApplyCanRunBeforeOrAfterWorldTimeAndCompletionProducesEquivalentState" methodname="ApplyCanRunBeforeOrAfterWorldTimeAndCompletionProducesEquivalentState" classname="WorldWeatherPersistenceTests" runstate="Runnable" seed="1568616651" result="Passed" start-time="2026-09-10 12:58:52Z" end-time="2026-09-10 12:58:52Z" duration="0.001351" asserts="0">
          <properties>
            <property name="retryIteration" value="0" />
            <property name="repeatIteration" value="0" />
          </properties>
        </test-case>
        <test-case id="1628" name="ApplyDetachesOldClockAndRepeatedCompletionDoesNotDuplicateBinding" fullname="WorldWeatherPersistenceTests.ApplyDetachesOldClockAndRepeatedCompletionDoesNotDuplicateBinding" methodname="ApplyDetachesOldClockAndRepeatedCompletionDoesNotDuplicateBinding" classname="WorldWeatherPersistenceTests" runstate="Runnable" seed="1631519858" result="Passed" start-time="2026-09-10 12:58:52Z" end-time="2026-09-10 12:58:52Z" duration="0.001603" asserts="0">
          <properties>
            <property name="retryIteration" value="0" />
            <property name="repeatIteration" value="0" />
          </properties>
        </test-case>
        <test-case id="1629" name="CatalogRecompletionUsesLatestRuntimeStateAndAcceptedOverrides" fullname="WorldWeatherPersistenceTests.CatalogRecompletionUsesLatestRuntimeStateAndAcceptedOverrides" methodname="CatalogRecompletionUsesLatestRuntimeStateAndAcceptedOverrides" classname="WorldWeatherPersistenceTests" runstate="Runnable" seed="11814798" result="Passed" start-time="2026-09-10 12:58:52Z" end-time="2026-09-10 12:58:52Z" duration="0.001724" asserts="0">
          <properties>
            <property name="retryIteration" value="0" />
            <property name="repeatIteration" value="0" />
          </properties>
        </test-case>
        <test-case id="1626" name="ClosingHistoryMergesAdjacentCompatibleSavedSegment" fullname="WorldWeatherPersistenceTests.ClosingHistoryMergesAdjacentCompatibleSavedSegment" methodname="ClosingHistoryMergesAdjacentCompatibleSavedSegment" classname="WorldWeatherPersistenceTests" runstate="Runnable" seed="1981766793" result="Passed" start-time="2026-09-10 12:58:52Z" end-time="2026-09-10 12:58:52Z" duration="0.001211" asserts="0">
          <properties>
            <property name="retryIteration" value="0" />
            <property name="repeatIteration" value="0" />
          </properties>
        </test-case>
        <test-case id="1632" name="CompleteLoadIsIdempotentAndDoesNotRegenerateSeed" fullname="WorldWeatherPersistenceTests.CompleteLoadIsIdempotentAndDoesNotRegenerateSeed" methodname="CompleteLoadIsIdempotentAndDoesNotRegenerateSeed" classname="WorldWeatherPersistenceTests" runstate="Runnable" seed="842959655" result="Passed" start-time="2026-09-10 12:58:52Z" end-time="2026-09-10 12:58:52Z" duration="0.001105" asserts="0">
          <properties>
            <property name="retryIteration" value="0" />
            <property name="repeatIteration" value="0" />
          </properties>
        </test-case>
        <test-case id="1631" name="CompleteLoadRequiresLoadedWorldTime" fullname="WorldWeatherPersistenceTests.CompleteLoadRequiresLoadedWorldTime" methodname="CompleteLoadRequiresLoadedWorldTime" classname="WorldWeatherPersistenceTests" runstate="Runnable" seed="469911413" result="Passed" start-time="2026-09-10 12:58:52Z" end-time="2026-09-10 12:58:52Z" duration="0.001084" asserts="0">
          <properties>
            <property name="retryIteration" value="0" />
            <property name="repeatIteration" value="0" />
          </properties>
        </test-case>
        <test-case id="1645" name="CurrentWeatherSaveMigrationNormalizesNullCollectionsAndNestedFields" fullname="WorldWeatherPersistenceTests.CurrentWeatherSaveMigrationNormalizesNullCollectionsAndNestedFields" methodname="CurrentWeatherSaveMigrationNormalizesNullCollectionsAndNestedFields" classname="WorldWeatherPersistenceTests" runstate="Runnable" seed="1192830077" result="Passed" start-time="2026-09-10 12:58:52Z" end-time="2026-09-10 12:58:52Z" duration="0.000916" asserts="0">
          <properties>
            <property name="retryIteration" value="0" />
            <property name="repeatIteration" value="0" />
          </properties>
        </test-case>
        <test-case id="1619" name="CurrentWeatherSurvivesTimeAdvancementAndOnlyDurationChanges" fullname="WorldWeatherPersistenceTests.CurrentWeatherSurvivesTimeAdvancementAndOnlyDurationChanges" methodname="CurrentWeatherSurvivesTimeAdvancementAndOnlyDurationChanges" classname="WorldWeatherPersistenceTests" runstate="Runnable" seed="1643189906" result="Passed" start-time="2026-09-10 12:58:52Z" end-time="2026-09-10 12:58:52Z" duration="0.001353" asserts="0">
          <properties>
            <property name="retryIteration" value="0" />
            <property name="repeatIteration" value="0" />
          </properties>
        </test-case>
        <test-case id="1635" name="DuplicateSavedRegionUsesFirstEntryDeterministically" fullname="WorldWeatherPersistenceTests.DuplicateSavedRegionUsesFirstEntryDeterministically" methodname="DuplicateSavedRegionUsesFirstEntryDeterministically" classname="WorldWeatherPersistenceTests" runstate="Runnable" seed="1300936692" result="Passed" start-time="2026-09-10 12:58:52Z" end-time="2026-09-10 12:58:52Z" duration="0.001647" asserts="0">
          <properties>
            <property name="retryIteration" value="0" />
            <property name="repeatIteration" value="0" />
          </properties>
          <output><![CDATA[[WorldWeatherState] Duplicate saved weather region 'region_a' ignored; first entry wins.
]]></output>
        </test-case>
        <test-case id="1618" name="FreshCompletionCreatesEveryRegionWithAuthoredWeatherAndPersistentSeeds" fullname="WorldWeatherPersistenceTests.FreshCompletionCreatesEveryRegionWithAuthoredWeatherAndPersistentSeeds" methodname="FreshCompletionCreatesEveryRegionWithAuthoredWeatherAndPersistentSeeds" classname="WorldWeatherPersistenceTests" runstate="Runnable" seed="1029402452" result="Passed" start-time="2026-09-10 12:58:52Z" end-time="2026-09-10 12:58:52Z" duration="0.001530" asserts="0">
          <properties>
            <property name="retryIteration" value="0" />
            <property name="repeatIteration" value="0" />
          </properties>
        </test-case>
        <test-case id="1622" name="FreshRegionUsesActiveSlotAtLoadAndKeepsAvailabilityAtLoadedMinute" fullname="WorldWeatherPersistenceTests.FreshRegionUsesActiveSlotAtLoadAndKeepsAvailabilityAtLoadedMinute" methodname="FreshRegionUsesActiveSlotAtLoadAndKeepsAvailabilityAtLoadedMinute" classname="WorldWeatherPersistenceTests" runstate="Runnable" seed="75961236" result="Passed" start-time="2026-09-10 12:58:52Z" end-time="2026-09-10 12:58:52Z" duration="0.001111" asserts="0">
          <properties>
            <property name="retryIteration" value="0" />
            <property name="repeatIteration" value="0" />
          </properties>
        </test-case>
        <test-case id="1623" name="FreshRegionUsesPriorDayActiveSlotBeforeFirstSlotOfLoadedDay" fullname="WorldWeatherPersistenceTests.FreshRegionUsesPriorDayActiveSlotBeforeFirstSlotOfLoadedDay" methodname="FreshRegionUsesPriorDayActiveSlotBeforeFirstSlotOfLoadedDay" classname="WorldWeatherPersistenceTests" runstate="Runnable" seed="1067369217" result="Passed" start-time="2026-09-10 12:58:52Z" end-time="2026-09-10 12:58:52Z" duration="0.001037" asserts="0">
          <properties>
            <property name="retryIteration" value="0" />
            <property name="repeatIteration" value="0" />
          </properties>
        </test-case>
        <test-case id="1639" name="InvalidOverlappingHistoryResetsKnownBoundaryToLoadedMinute" fullname="WorldWeatherPersistenceTests.InvalidOverlappingHistoryResetsKnownBoundaryToLoadedMinute" methodname="InvalidOverlappingHistoryResetsKnownBoundaryToLoadedMinute" classname="WorldWeatherPersistenceTests" runstate="Runnable" seed="357608442" result="Passed" start-time="2026-09-10 12:58:52Z" end-time="2026-09-10 12:58:52Z" duration="0.001628" asserts="0">
          <properties>
            <property name="retryIteration" value="0" />
            <property name="repeatIteration" value="0" />
          </properties>
          <output><![CDATA[[WorldWeatherState] Saved region 'region_a' had invalid or overlapping history; resetting its known history boundary.
]]></output>
        </test-case>
        <test-case id="1640" name="InvalidOverridesAreDiscardedWithoutAffectingCurrentWeather" fullname="WorldWeatherPersistenceTests.InvalidOverridesAreDiscardedWithoutAffectingCurrentWeather" methodname="InvalidOverridesAreDiscardedWithoutAffectingCurrentWeather" classname="WorldWeatherPersistenceTests" runstate="Runnable" seed="2138094818" result="Passed" start-time="2026-09-10 12:58:52Z" end-time="2026-09-10 12:58:52Z" duration="0.002355" asserts="0">
          <properties>
            <property name="retryIteration" value="0" />
            <property name="repeatIteration" value="0" />
          </properties>
          <output><![CDATA[[WorldWeatherState] Ignoring a malformed saved weather override.
[WorldWeatherState] Ignoring a malformed saved weather override.
[WorldWeatherState] Ignoring a malformed saved weather override.
]]></output>
        </test-case>
        <test-case id="1636" name="InvalidWeatherAndFutureTimestampsNormalizeSafely" fullname="WorldWeatherPersistenceTests.InvalidWeatherAndFutureTimestampsNormalizeSafely" methodname="InvalidWeatherAndFutureTimestampsNormalizeSafely" classname="WorldWeatherPersistenceTests" runstate="Runnable" seed="1571761341" result="Passed" start-time="2026-09-10 12:58:52Z" end-time="2026-09-10 12:58:52Z" duration="0.002451" asserts="0">
          <properties>
            <property name="retryIteration" value="0" />
            <property name="repeatIteration" value="0" />
          </properties>
          <output><![CDATA[[WorldWeatherState] Saved region 'region_a' contained invalid weather value 99; using its authored initial weather.
[WorldWeatherState] region 'region_a' currentWeatherStartMinute was after the loaded world minute and was clamped.
[WorldWeatherState] region 'region_a' historyAvailableFromMinute was after the loaded world minute and was clamped.
]]></output>
        </test-case>
        <test-case id="1643" name="JsonUtilityPreservesAllRootSeedBits" fullname="WorldWeatherPersistenceTests.JsonUtilityPreservesAllRootSeedBits" methodname="JsonUtilityPreservesAllRootSeedBits" classname="WorldWeatherPersistenceTests" runstate="Runnable" seed="1331897125" result="Passed" start-time="2026-09-10 12:58:52Z" end-time="2026-09-10 12:58:52Z" duration="0.000858" asserts="0">
          <properties>
            <property name="retryIteration" value="0" />
            <property name="repeatIteration" value="0" />
          </properties>
        </test-case>
        <test-case id="1638" name="NegativeHistoryRecordTimestampResetsWeatherBoundaryToLoadedMinute" fullname="WorldWeatherPersistenceTests.NegativeHistoryRecordTimestampResetsWeatherBoundaryToLoadedMinute" methodname="NegativeHistoryRecordTimestampResetsWeatherBoundaryToLoadedMinute" classname="WorldWeatherPersistenceTests" runstate="Runnable" seed="1283111710" result="Passed" start-time="2026-09-10 12:58:52Z" end-time="2026-09-10 12:58:52Z" duration="0.001594" asserts="0">
          <properties>
            <property name="retryIteration" value="0" />
            <property name="repeatIteration" value="0" />
          </properties>
          <output><![CDATA[[WorldWeatherState] Saved region 'region_a' contained a negative timestamp; resetting its history and weather boundary to the loaded world minute.
]]></output>
        </test-case>
        <test-case id="1637" name="NegativeRegionTimestampsResetWeatherBoundaryToLoadedMinute" fullname="WorldWeatherPersistenceTests.NegativeRegionTimestampsResetWeatherBoundaryToLoadedMinute" methodname="NegativeRegionTimestampsResetWeatherBoundaryToLoadedMinute" classname="WorldWeatherPersistenceTests" runstate="Runnable" seed="873037981" result="Passed" start-time="2026-09-10 12:58:52Z" end-time="2026-09-10 12:58:52Z" duration="0.001611" asserts="0">
          <properties>
            <property name="retryIteration" value="0" />
            <property name="repeatIteration" value="0" />
          </properties>
          <output><![CDATA[[WorldWeatherState] Saved region 'region_a' contained a negative timestamp; resetting its history and weather boundary to the loaded world minute.
]]></output>
        </test-case>
        <test-case id="1644" name="PreWeatherSaveMigratesToUninitializedClimateStateWithoutHistory" fullname="WorldWeatherPersistenceTests.PreWeatherSaveMigratesToUninitializedClimateStateWithoutHistory" methodname="PreWeatherSaveMigratesToUninitializedClimateStateWithoutHistory" classname="WorldWeatherPersistenceTests" runstate="Runnable" seed="226179773" result="Passed" start-time="2026-09-10 12:58:52Z" end-time="2026-09-10 12:58:52Z" duration="0.000345" asserts="0">
          <properties>
            <property name="retryIteration" value="0" />
            <property name="repeatIteration" value="0" />
          </properties>
        </test-case>
        <test-case id="1627" name="ProgressedWeatherHistoryAndSeedSurviveSaveReload" fullname="WorldWeatherPersistenceTests.ProgressedWeatherHistoryAndSeedSurviveSaveReload" methodname="ProgressedWeatherHistoryAndSeedSurviveSaveReload" classname="WorldWeatherPersistenceTests" runstate="Runnable" seed="1357263797" result="Passed" start-time="2026-09-10 12:58:52Z" end-time="2026-09-10 12:58:52Z" duration="0.001290" asserts="0">
          <properties>
            <property name="retryIteration" value="0" />
            <property name="repeatIteration" value="0" />
          </properties>
        </test-case>
        <test-case id="1620" name="ProgressionResolvesSixAndEighteenAndClosesHistoryAtExactBoundaries" fullname="WorldWeatherPersistenceTests.ProgressionResolvesSixAndEighteenAndClosesHistoryAtExactBoundaries" methodname="ProgressionResolvesSixAndEighteenAndClosesHistoryAtExactBoundaries" classname="WorldWeatherPersistenceTests" runstate="Runnable" seed="1341753815" result="Passed" start-time="2026-09-10 12:58:52Z" end-time="2026-09-10 12:58:52Z" duration="0.002220" asserts="0">
          <properties>
            <property name="retryIteration" value="0" />
            <property name="repeatIteration" value="0" />
          </properties>
        </test-case>
        <test-case id="1634" name="RemovedRegionIsNotResurrectedWhenCatalogAddsItBack" fullname="WorldWeatherPersistenceTests.RemovedRegionIsNotResurrectedWhenCatalogAddsItBack" methodname="RemovedRegionIsNotResurrectedWhenCatalogAddsItBack" classname="WorldWeatherPersistenceTests" runstate="Runnable" seed="1647908974" result="Passed" start-time="2026-09-10 12:58:52Z" end-time="2026-09-10 12:58:52Z" duration="0.001752" asserts="0">
          <properties>
            <property name="retryIteration" value="0" />
            <property name="repeatIteration" value="0" />
          </properties>
          <output><![CDATA[[WorldWeatherState] Saved weather region 'region_b' is not in the current catalog and was discarded.
]]></output>
        </test-case>
        <test-case id="1625" name="SameWeatherSlotIsNoOpWithoutEventOrHistoryMutation" fullname="WorldWeatherPersistenceTests.SameWeatherSlotIsNoOpWithoutEventOrHistoryMutation" methodname="SameWeatherSlotIsNoOpWithoutEventOrHistoryMutation" classname="WorldWeatherPersistenceTests" runstate="Runnable" seed="1709796281" result="Passed" start-time="2026-09-10 12:58:52Z" end-time="2026-09-10 12:58:52Z" duration="0.001161" asserts="0">
          <properties>
            <property name="retryIteration" value="0" />
            <property name="repeatIteration" value="0" />
          </properties>
        </test-case>
        <test-case id="1624" name="SavedOverrideBeatsFixedSlotWhichBeatsGeneratedWeather" fullname="WorldWeatherPersistenceTests.SavedOverrideBeatsFixedSlotWhichBeatsGeneratedWeather" methodname="SavedOverrideBeatsFixedSlotWhichBeatsGeneratedWeather" classname="WorldWeatherPersistenceTests" runstate="Runnable" seed="2139353402" result="Passed" start-time="2026-09-10 12:58:52Z" end-time="2026-09-10 12:58:52Z" duration="0.001288" asserts="0">
          <properties>
            <property name="retryIteration" value="0" />
            <property name="repeatIteration" value="0" />
          </properties>
        </test-case>
        <test-case id="1642" name="SaveManagerTargetOrderProducesEquivalentCompletedWeatherState" fullname="WorldWeatherPersistenceTests.SaveManagerTargetOrderProducesEquivalentCompletedWeatherState" methodname="SaveManagerTargetOrderProducesEquivalentCompletedWeatherState" classname="WorldWeatherPersistenceTests" runstate="Runnable" seed="278680970" result="Passed" start-time="2026-09-10 12:58:52Z" end-time="2026-09-10 12:58:52Z" duration="0.004079" asserts="0">
          <properties>
            <property name="retryIteration" value="0" />
            <property name="repeatIteration" value="0" />
          </properties>
          <output><![CDATA[[SaveManager] No save targets assigned — persistent ScriptableObject state will not be gathered or applied.
[SaveManager] No save targets assigned — persistent ScriptableObject state will not be gathered or applied.
]]></output>
        </test-case>
        <test-case id="1621" name="SkipResolvesEveryConfiguredSlotForEachRegionInCatalogOrder" fullname="WorldWeatherPersistenceTests.SkipResolvesEveryConfiguredSlotForEachRegionInCatalogOrder" methodname="SkipResolvesEveryConfiguredSlotForEachRegionInCatalogOrder" classname="WorldWeatherPersistenceTests" runstate="Runnable" seed="1012421924" result="Passed" start-time="2026-09-10 12:58:52Z" end-time="2026-09-10 12:58:52Z" duration="0.001790" asserts="0">
          <properties>
            <property name="retryIteration" value="0" />
            <property name="repeatIteration" value="0" />
          </properties>
        </test-case>
        <test-case id="1646" name="UnknownRegionQueryReturnsFalse" fullname="WorldWeatherPersistenceTests.UnknownRegionQueryReturnsFalse" methodname="UnknownRegionQueryReturnsFalse" classname="WorldWeatherPersistenceTests" runstate="Runnable" seed="1351866054" result="Passed" start-time="2026-09-10 12:58:52Z" end-time="2026-09-10 12:58:52Z" duration="0.001017" asserts="0">
          <properties>
            <property name="retryIteration" value="0" />
            <property name="repeatIteration" value="0" />
          </properties>
          <output><![CDATA[<b><color=#2EA3FF>MCP-FOR-UNITY</color></b>: [TestRunnerNoThrottle] Restored Interaction Mode after test run.
Saving results to: C:/Users/samue/AppData/LocalLow/DefaultCompany/Metroidvania Controller\TestResults.xml
]]></output>
        </test-case>
      </test-suite>
    </test-suite>
  </test-suite>
</test-run>